15:37:50 DEBUG : Logs will be stored at 'C:/Vivado/lab6_1/sdk/IDE.log'.
15:37:53 INFO  : Launching XSCT server: xsct.bat -n  -interactive C:\Vivado\lab6_1\sdk\temp_xsdb_launch_script.tcl
15:37:53 INFO  : Platform repository initialization has completed.
15:37:53 INFO  : Registering command handlers for Vitis TCF services
15:37:57 INFO  : XSCT server has started successfully.
15:37:58 INFO  : Successfully done setting XSCT server connection channel  
15:38:01 INFO  : plnx-install-location is set to ''
15:38:01 INFO  : Successfully done setting workspace for the tool. 
15:38:01 INFO  : Successfully done query RDI_DATADIR 
15:39:47 INFO  : Result from executing command 'getProjects': mb_intro_top
15:39:47 INFO  : Result from executing command 'getPlatforms': 
15:39:47 WARN  : An unexpected exception occurred in the module 'platform project logging'
15:39:47 INFO  : Platform 'mb_intro_top' is added to custom repositories.
15:39:49 INFO  : Platform 'mb_intro_top' is added to custom repositories.
15:40:44 INFO  : Result from executing command 'getProjects': mb_intro_top
15:40:44 INFO  : Result from executing command 'getPlatforms': mb_intro_top|C:/Vivado/lab6_1/sdk/mb_intro_top/export/mb_intro_top/mb_intro_top.xpfm
15:40:44 INFO  : Checking for BSP changes to sync application flags for project 'mb_blink'...
15:42:04 INFO  : Connected to target on host '127.0.0.1' and port '3121'.
15:42:05 INFO  : Jtag cable 'RealDigital Boo 88710000000AA' is selected.
15:42:05 INFO  : 'jtag frequency' command is executed.
15:42:05 INFO  : 'targets -set -filter {jtag_cable_name =~ "RealDigital Boo 88710000000AA" && level==0 && jtag_device_ctx=="jsn1-0362f093-0"}' command is executed.
15:42:06 INFO  : Device configured successfully with "C:/Vivado/lab6_1/sdk/mb_blink/_ide/bitstream/mb_intro_top.bit"
15:42:06 INFO  : Context for processor 'microblaze_0' is selected.
15:42:06 INFO  : Hardware design and registers information is loaded from 'C:/Vivado/lab6_1/sdk/mb_intro_top/export/mb_intro_top/hw/mb_intro_top.xsa'.
15:42:06 INFO  : 'configparams mdm-detect-bscan-mask 2' command is executed.
15:42:06 INFO  : Context for processor 'microblaze_0' is selected.
15:42:06 INFO  : System reset is completed.
15:42:09 INFO  : 'after 3000' command is executed.
15:42:09 INFO  : Context for processor 'microblaze_0' is selected.
15:42:09 INFO  : The application 'C:/Vivado/lab6_1/sdk/mb_blink/Debug/mb_blink.elf' is downloaded to processor 'microblaze_0'.
15:42:09 INFO  : ----------------XSDB Script----------------
connect -url tcp:127.0.0.1:3121
targets -set -filter {jtag_cable_name =~ "RealDigital Boo 88710000000AA" && level==0 && jtag_device_ctx=="jsn1-0362f093-0"}
fpga -file C:/Vivado/lab6_1/sdk/mb_blink/_ide/bitstream/mb_intro_top.bit
targets -set -nocase -filter {name =~ "*microblaze*#0" && bscan=="USER2" }
loadhw -hw C:/Vivado/lab6_1/sdk/mb_intro_top/export/mb_intro_top/hw/mb_intro_top.xsa -regs
configparams mdm-detect-bscan-mask 2
targets -set -nocase -filter {name =~ "*microblaze*#0" && bscan=="USER2" }
rst -system
after 3000
targets -set -nocase -filter {name =~ "*microblaze*#0" && bscan=="USER2" }
dow C:/Vivado/lab6_1/sdk/mb_blink/Debug/mb_blink.elf
----------------End of Script----------------

15:42:09 INFO  : Context for processor 'microblaze_0' is selected.
15:42:09 INFO  : 'con' command is executed.
15:42:09 INFO  : ----------------XSDB Script (After Launch)----------------
targets -set -nocase -filter {name =~ "*microblaze*#0" && bscan=="USER2" }
con
----------------End of Script----------------

15:42:09 INFO  : Launch script is exported to file 'C:\Vivado\lab6_1\sdk\mb_blink_system\_ide\scripts\debugger_mb_blink-default.tcl'
15:42:59 INFO  : Disconnected from the channel tcfchan#2.
15:43:00 INFO  : Connected to target on host '127.0.0.1' and port '3121'.
15:43:00 INFO  : Jtag cable 'RealDigital Boo 88710000000AA' is selected.
15:43:00 INFO  : 'jtag frequency' command is executed.
15:43:00 INFO  : 'targets -set -filter {jtag_cable_name =~ "RealDigital Boo 88710000000AA" && level==0 && jtag_device_ctx=="jsn1-0362f093-0"}' command is executed.
15:43:01 INFO  : Device configured successfully with "C:/Vivado/lab6_1/sdk/mb_blink/_ide/bitstream/mb_intro_top.bit"
15:43:01 INFO  : Context for processor 'microblaze_0' is selected.
15:43:01 INFO  : Hardware design and registers information is loaded from 'C:/Vivado/lab6_1/sdk/mb_intro_top/export/mb_intro_top/hw/mb_intro_top.xsa'.
15:43:01 INFO  : 'configparams mdm-detect-bscan-mask 2' command is executed.
15:43:01 INFO  : Context for processor 'microblaze_0' is selected.
15:43:01 INFO  : System reset is completed.
15:43:04 INFO  : 'after 3000' command is executed.
15:43:04 INFO  : Context for processor 'microblaze_0' is selected.
15:43:04 INFO  : The application 'C:/Vivado/lab6_1/sdk/mb_blink/Debug/mb_blink.elf' is downloaded to processor 'microblaze_0'.
15:43:04 INFO  : ----------------XSDB Script----------------
connect -url tcp:127.0.0.1:3121
targets -set -filter {jtag_cable_name =~ "RealDigital Boo 88710000000AA" && level==0 && jtag_device_ctx=="jsn1-0362f093-0"}
fpga -file C:/Vivado/lab6_1/sdk/mb_blink/_ide/bitstream/mb_intro_top.bit
targets -set -nocase -filter {name =~ "*microblaze*#0" && bscan=="USER2" }
loadhw -hw C:/Vivado/lab6_1/sdk/mb_intro_top/export/mb_intro_top/hw/mb_intro_top.xsa -regs
configparams mdm-detect-bscan-mask 2
targets -set -nocase -filter {name =~ "*microblaze*#0" && bscan=="USER2" }
rst -system
after 3000
targets -set -nocase -filter {name =~ "*microblaze*#0" && bscan=="USER2" }
dow C:/Vivado/lab6_1/sdk/mb_blink/Debug/mb_blink.elf
----------------End of Script----------------

15:43:04 INFO  : Context for processor 'microblaze_0' is selected.
15:43:04 INFO  : 'con' command is executed.
15:43:04 INFO  : ----------------XSDB Script (After Launch)----------------
targets -set -nocase -filter {name =~ "*microblaze*#0" && bscan=="USER2" }
con
----------------End of Script----------------

15:43:04 INFO  : Launch script is exported to file 'C:\Vivado\lab6_1\sdk\mb_blink_system\_ide\scripts\debugger_mb_blink-default.tcl'
15:46:18 INFO  : Checking for BSP changes to sync application flags for project 'mb_blink'...
15:46:30 INFO  : Disconnected from the channel tcfchan#3.
15:46:31 INFO  : Connected to target on host '127.0.0.1' and port '3121'.
15:46:31 INFO  : Jtag cable 'RealDigital Boo 88710000000AA' is selected.
15:46:31 INFO  : 'jtag frequency' command is executed.
15:46:31 INFO  : 'targets -set -filter {jtag_cable_name =~ "RealDigital Boo 88710000000AA" && level==0 && jtag_device_ctx=="jsn1-0362f093-0"}' command is executed.
15:46:32 INFO  : Device configured successfully with "C:/Vivado/lab6_1/sdk/mb_blink/_ide/bitstream/mb_intro_top.bit"
15:46:32 INFO  : Context for processor 'microblaze_0' is selected.
15:46:32 INFO  : Hardware design and registers information is loaded from 'C:/Vivado/lab6_1/sdk/mb_intro_top/export/mb_intro_top/hw/mb_intro_top.xsa'.
15:46:32 INFO  : 'configparams mdm-detect-bscan-mask 2' command is executed.
15:46:32 INFO  : Context for processor 'microblaze_0' is selected.
15:46:32 INFO  : System reset is completed.
15:46:35 INFO  : 'after 3000' command is executed.
15:46:35 INFO  : Context for processor 'microblaze_0' is selected.
15:46:35 INFO  : The application 'C:/Vivado/lab6_1/sdk/mb_blink/Debug/mb_blink.elf' is downloaded to processor 'microblaze_0'.
15:46:35 INFO  : ----------------XSDB Script----------------
connect -url tcp:127.0.0.1:3121
targets -set -filter {jtag_cable_name =~ "RealDigital Boo 88710000000AA" && level==0 && jtag_device_ctx=="jsn1-0362f093-0"}
fpga -file C:/Vivado/lab6_1/sdk/mb_blink/_ide/bitstream/mb_intro_top.bit
targets -set -nocase -filter {name =~ "*microblaze*#0" && bscan=="USER2" }
loadhw -hw C:/Vivado/lab6_1/sdk/mb_intro_top/export/mb_intro_top/hw/mb_intro_top.xsa -regs
configparams mdm-detect-bscan-mask 2
targets -set -nocase -filter {name =~ "*microblaze*#0" && bscan=="USER2" }
rst -system
after 3000
targets -set -nocase -filter {name =~ "*microblaze*#0" && bscan=="USER2" }
dow C:/Vivado/lab6_1/sdk/mb_blink/Debug/mb_blink.elf
----------------End of Script----------------

15:46:35 INFO  : Context for processor 'microblaze_0' is selected.
15:46:35 INFO  : 'con' command is executed.
15:46:35 INFO  : ----------------XSDB Script (After Launch)----------------
targets -set -nocase -filter {name =~ "*microblaze*#0" && bscan=="USER2" }
con
----------------End of Script----------------

15:46:35 INFO  : Launch script is exported to file 'C:\Vivado\lab6_1\sdk\mb_blink_system\_ide\scripts\debugger_mb_blink-default.tcl'
20:50:16 INFO  : Disconnected from the channel tcfchan#4.
20:51:02 DEBUG : Logs will be stored at 'C:/Vivado/lab6_1/sdk/IDE.log'.
20:51:03 INFO  : Launching XSCT server: xsct.bat -n  -interactive C:\Vivado\lab6_1\sdk\temp_xsdb_launch_script.tcl
20:51:06 INFO  : Platform repository initialization has completed.
20:51:06 INFO  : Registering command handlers for Vitis TCF services
20:51:07 INFO  : XSCT server has started successfully.
20:51:12 INFO  : Successfully done setting XSCT server connection channel  
20:51:12 INFO  : plnx-install-location is set to ''
20:51:12 INFO  : Successfully done query RDI_DATADIR 
20:51:12 INFO  : Successfully done setting workspace for the tool. 
20:51:39 INFO  : Hardware specification for platform project 'mb_intro_top' is updated.
20:52:17 INFO  : Result from executing command 'removePlatformRepo': 
20:52:36 INFO  : Result from executing command 'getProjects': mb_intro_top
20:52:36 INFO  : Result from executing command 'getPlatforms': 
20:52:36 INFO  : Checking for BSP changes to sync application flags for project 'mb_blink'...
20:52:36 INFO  : Updating application flags with new BSP settings...
20:52:36 INFO  : Successfully updated application flags for project mb_blink.
20:52:39 INFO  : The hardware specification used by project 'mb_blink' is out of sync with the platform. Resource files extracted from the hardware specification will be updated.
20:52:39 INFO  : The file 'C:\Vivado\lab6_1\sdk\mb_blink\_ide\bitstream\mb_intro_top.bit' stored in project is removed.
20:52:39 INFO  : The file 'C:\Vivado\lab6_1\sdk\mb_blink\_ide\bitstream\mb_intro_top.mmi' stored in project is removed.
20:52:39 INFO  : The updated bitstream files are copied from platform to folder 'C:\Vivado\lab6_1\sdk\mb_blink\_ide\bitstream' in project 'mb_blink'.
21:00:29 INFO  : Checking for BSP changes to sync application flags for project 'mb_blink'...
21:00:54 INFO  : Connected to target on host '127.0.0.1' and port '3121'.
21:00:54 INFO  : Jtag cable 'RealDigital Boo 88710000000AA' is selected.
21:00:54 INFO  : 'jtag frequency' command is executed.
21:00:54 INFO  : 'targets -set -filter {jtag_cable_name =~ "RealDigital Boo 88710000000AA" && level==0 && jtag_device_ctx=="jsn1-0362f093-0"}' command is executed.
21:00:56 INFO  : Device configured successfully with "C:/Vivado/lab6_1/sdk/mb_blink/_ide/bitstream/mb_intro_top.bit"
21:00:56 INFO  : Context for processor 'microblaze_0' is selected.
21:00:56 INFO  : Hardware design and registers information is loaded from 'C:/Vivado/lab6_1/sdk/mb_intro_top/export/mb_intro_top/hw/mb_intro_top.xsa'.
21:00:56 INFO  : 'configparams mdm-detect-bscan-mask 2' command is executed.
21:00:56 INFO  : Context for processor 'microblaze_0' is selected.
21:00:56 INFO  : System reset is completed.
21:00:59 INFO  : 'after 3000' command is executed.
21:00:59 INFO  : Context for processor 'microblaze_0' is selected.
21:00:59 INFO  : The application 'C:/Vivado/lab6_1/sdk/mb_blink/Debug/mb_blink.elf' is downloaded to processor 'microblaze_0'.
21:00:59 INFO  : ----------------XSDB Script----------------
connect -url tcp:127.0.0.1:3121
targets -set -filter {jtag_cable_name =~ "RealDigital Boo 88710000000AA" && level==0 && jtag_device_ctx=="jsn1-0362f093-0"}
fpga -file C:/Vivado/lab6_1/sdk/mb_blink/_ide/bitstream/mb_intro_top.bit
targets -set -nocase -filter {name =~ "*microblaze*#0" && bscan=="USER2" }
loadhw -hw C:/Vivado/lab6_1/sdk/mb_intro_top/export/mb_intro_top/hw/mb_intro_top.xsa -regs
configparams mdm-detect-bscan-mask 2
targets -set -nocase -filter {name =~ "*microblaze*#0" && bscan=="USER2" }
rst -system
after 3000
targets -set -nocase -filter {name =~ "*microblaze*#0" && bscan=="USER2" }
dow C:/Vivado/lab6_1/sdk/mb_blink/Debug/mb_blink.elf
----------------End of Script----------------

21:00:59 INFO  : Context for processor 'microblaze_0' is selected.
21:00:59 INFO  : 'con' command is executed.
21:00:59 INFO  : ----------------XSDB Script (After Launch)----------------
targets -set -nocase -filter {name =~ "*microblaze*#0" && bscan=="USER2" }
con
----------------End of Script----------------

21:00:59 INFO  : Launch script is exported to file 'C:\Vivado\lab6_1\sdk\mb_blink_system\_ide\scripts\debugger_mb_blink-default.tcl'
21:03:39 INFO  : Checking for BSP changes to sync application flags for project 'mb_blink'...
21:03:49 INFO  : Disconnected from the channel tcfchan#3.
21:03:50 INFO  : Connected to target on host '127.0.0.1' and port '3121'.
21:03:50 INFO  : Jtag cable 'RealDigital Boo 88710000000AA' is selected.
21:03:50 INFO  : 'jtag frequency' command is executed.
21:03:50 INFO  : 'targets -set -filter {jtag_cable_name =~ "RealDigital Boo 88710000000AA" && level==0 && jtag_device_ctx=="jsn1-0362f093-0"}' command is executed.
21:03:51 INFO  : Device configured successfully with "C:/Vivado/lab6_1/sdk/mb_blink/_ide/bitstream/mb_intro_top.bit"
21:03:51 INFO  : Context for processor 'microblaze_0' is selected.
21:03:51 INFO  : Hardware design and registers information is loaded from 'C:/Vivado/lab6_1/sdk/mb_intro_top/export/mb_intro_top/hw/mb_intro_top.xsa'.
21:03:51 INFO  : 'configparams mdm-detect-bscan-mask 2' command is executed.
21:03:51 INFO  : Context for processor 'microblaze_0' is selected.
21:03:51 INFO  : System reset is completed.
21:03:54 INFO  : 'after 3000' command is executed.
21:03:54 INFO  : Context for processor 'microblaze_0' is selected.
21:03:54 INFO  : The application 'C:/Vivado/lab6_1/sdk/mb_blink/Debug/mb_blink.elf' is downloaded to processor 'microblaze_0'.
21:03:54 INFO  : ----------------XSDB Script----------------
connect -url tcp:127.0.0.1:3121
targets -set -filter {jtag_cable_name =~ "RealDigital Boo 88710000000AA" && level==0 && jtag_device_ctx=="jsn1-0362f093-0"}
fpga -file C:/Vivado/lab6_1/sdk/mb_blink/_ide/bitstream/mb_intro_top.bit
targets -set -nocase -filter {name =~ "*microblaze*#0" && bscan=="USER2" }
loadhw -hw C:/Vivado/lab6_1/sdk/mb_intro_top/export/mb_intro_top/hw/mb_intro_top.xsa -regs
configparams mdm-detect-bscan-mask 2
targets -set -nocase -filter {name =~ "*microblaze*#0" && bscan=="USER2" }
rst -system
after 3000
targets -set -nocase -filter {name =~ "*microblaze*#0" && bscan=="USER2" }
dow C:/Vivado/lab6_1/sdk/mb_blink/Debug/mb_blink.elf
----------------End of Script----------------

21:03:55 INFO  : Context for processor 'microblaze_0' is selected.
21:03:55 INFO  : 'con' command is executed.
21:03:55 INFO  : ----------------XSDB Script (After Launch)----------------
targets -set -nocase -filter {name =~ "*microblaze*#0" && bscan=="USER2" }
con
----------------End of Script----------------

21:03:55 INFO  : Launch script is exported to file 'C:\Vivado\lab6_1\sdk\mb_blink_system\_ide\scripts\debugger_mb_blink-default.tcl'
21:06:55 INFO  : Checking for BSP changes to sync application flags for project 'mb_blink'...
21:08:34 INFO  : Disconnected from the channel tcfchan#4.
21:08:35 INFO  : Connected to target on host '127.0.0.1' and port '3121'.
21:08:35 INFO  : Jtag cable 'RealDigital Boo 88710000000AA' is selected.
21:08:35 INFO  : 'jtag frequency' command is executed.
21:08:35 INFO  : 'targets -set -filter {jtag_cable_name =~ "RealDigital Boo 88710000000AA" && level==0 && jtag_device_ctx=="jsn1-0362f093-0"}' command is executed.
21:08:37 INFO  : Device configured successfully with "C:/Vivado/lab6_1/sdk/mb_blink/_ide/bitstream/mb_intro_top.bit"
21:08:37 INFO  : Context for processor 'microblaze_0' is selected.
21:08:37 INFO  : Hardware design and registers information is loaded from 'C:/Vivado/lab6_1/sdk/mb_intro_top/export/mb_intro_top/hw/mb_intro_top.xsa'.
21:08:37 INFO  : 'configparams mdm-detect-bscan-mask 2' command is executed.
21:08:37 INFO  : Context for processor 'microblaze_0' is selected.
21:08:37 INFO  : System reset is completed.
21:08:40 INFO  : 'after 3000' command is executed.
21:08:40 INFO  : Context for processor 'microblaze_0' is selected.
21:08:40 INFO  : The application 'C:/Vivado/lab6_1/sdk/mb_blink/Debug/mb_blink.elf' is downloaded to processor 'microblaze_0'.
21:08:40 INFO  : ----------------XSDB Script----------------
connect -url tcp:127.0.0.1:3121
targets -set -filter {jtag_cable_name =~ "RealDigital Boo 88710000000AA" && level==0 && jtag_device_ctx=="jsn1-0362f093-0"}
fpga -file C:/Vivado/lab6_1/sdk/mb_blink/_ide/bitstream/mb_intro_top.bit
targets -set -nocase -filter {name =~ "*microblaze*#0" && bscan=="USER2" }
loadhw -hw C:/Vivado/lab6_1/sdk/mb_intro_top/export/mb_intro_top/hw/mb_intro_top.xsa -regs
configparams mdm-detect-bscan-mask 2
targets -set -nocase -filter {name =~ "*microblaze*#0" && bscan=="USER2" }
rst -system
after 3000
targets -set -nocase -filter {name =~ "*microblaze*#0" && bscan=="USER2" }
dow C:/Vivado/lab6_1/sdk/mb_blink/Debug/mb_blink.elf
----------------End of Script----------------

21:08:40 INFO  : Context for processor 'microblaze_0' is selected.
21:08:40 INFO  : 'con' command is executed.
21:08:40 INFO  : ----------------XSDB Script (After Launch)----------------
targets -set -nocase -filter {name =~ "*microblaze*#0" && bscan=="USER2" }
con
----------------End of Script----------------

21:08:40 INFO  : Launch script is exported to file 'C:\Vivado\lab6_1\sdk\mb_blink_system\_ide\scripts\debugger_mb_blink-default.tcl'
21:15:02 INFO  : Checking for BSP changes to sync application flags for project 'mb_blink'...
21:15:11 INFO  : Disconnected from the channel tcfchan#5.
21:15:12 INFO  : Connected to target on host '127.0.0.1' and port '3121'.
21:15:12 INFO  : Jtag cable 'RealDigital Boo 88710000000AA' is selected.
21:15:12 INFO  : 'jtag frequency' command is executed.
21:15:12 INFO  : 'targets -set -filter {jtag_cable_name =~ "RealDigital Boo 88710000000AA" && level==0 && jtag_device_ctx=="jsn1-0362f093-0"}' command is executed.
21:15:13 INFO  : Device configured successfully with "C:/Vivado/lab6_1/sdk/mb_blink/_ide/bitstream/mb_intro_top.bit"
21:15:13 INFO  : Context for processor 'microblaze_0' is selected.
21:15:13 INFO  : Hardware design and registers information is loaded from 'C:/Vivado/lab6_1/sdk/mb_intro_top/export/mb_intro_top/hw/mb_intro_top.xsa'.
21:15:13 INFO  : 'configparams mdm-detect-bscan-mask 2' command is executed.
21:15:13 INFO  : Context for processor 'microblaze_0' is selected.
21:15:13 INFO  : System reset is completed.
21:15:16 INFO  : 'after 3000' command is executed.
21:15:16 INFO  : Context for processor 'microblaze_0' is selected.
21:15:16 INFO  : The application 'C:/Vivado/lab6_1/sdk/mb_blink/Debug/mb_blink.elf' is downloaded to processor 'microblaze_0'.
21:15:16 INFO  : ----------------XSDB Script----------------
connect -url tcp:127.0.0.1:3121
targets -set -filter {jtag_cable_name =~ "RealDigital Boo 88710000000AA" && level==0 && jtag_device_ctx=="jsn1-0362f093-0"}
fpga -file C:/Vivado/lab6_1/sdk/mb_blink/_ide/bitstream/mb_intro_top.bit
targets -set -nocase -filter {name =~ "*microblaze*#0" && bscan=="USER2" }
loadhw -hw C:/Vivado/lab6_1/sdk/mb_intro_top/export/mb_intro_top/hw/mb_intro_top.xsa -regs
configparams mdm-detect-bscan-mask 2
targets -set -nocase -filter {name =~ "*microblaze*#0" && bscan=="USER2" }
rst -system
after 3000
targets -set -nocase -filter {name =~ "*microblaze*#0" && bscan=="USER2" }
dow C:/Vivado/lab6_1/sdk/mb_blink/Debug/mb_blink.elf
----------------End of Script----------------

21:15:16 INFO  : Context for processor 'microblaze_0' is selected.
21:15:16 INFO  : 'con' command is executed.
21:15:16 INFO  : ----------------XSDB Script (After Launch)----------------
targets -set -nocase -filter {name =~ "*microblaze*#0" && bscan=="USER2" }
con
----------------End of Script----------------

21:15:16 INFO  : Launch script is exported to file 'C:\Vivado\lab6_1\sdk\mb_blink_system\_ide\scripts\debugger_mb_blink-default.tcl'
21:15:36 INFO  : Checking for BSP changes to sync application flags for project 'mb_blink'...
21:15:41 INFO  : Disconnected from the channel tcfchan#6.
21:15:42 INFO  : Connected to target on host '127.0.0.1' and port '3121'.
21:15:42 INFO  : Jtag cable 'RealDigital Boo 88710000000AA' is selected.
21:15:42 INFO  : 'jtag frequency' command is executed.
21:15:42 INFO  : 'targets -set -filter {jtag_cable_name =~ "RealDigital Boo 88710000000AA" && level==0 && jtag_device_ctx=="jsn1-0362f093-0"}' command is executed.
21:15:44 INFO  : Device configured successfully with "C:/Vivado/lab6_1/sdk/mb_blink/_ide/bitstream/mb_intro_top.bit"
21:15:44 INFO  : Context for processor 'microblaze_0' is selected.
21:15:44 INFO  : Hardware design and registers information is loaded from 'C:/Vivado/lab6_1/sdk/mb_intro_top/export/mb_intro_top/hw/mb_intro_top.xsa'.
21:15:44 INFO  : 'configparams mdm-detect-bscan-mask 2' command is executed.
21:15:44 INFO  : Context for processor 'microblaze_0' is selected.
21:15:44 INFO  : System reset is completed.
21:15:47 INFO  : 'after 3000' command is executed.
21:15:47 INFO  : Context for processor 'microblaze_0' is selected.
21:15:47 INFO  : The application 'C:/Vivado/lab6_1/sdk/mb_blink/Debug/mb_blink.elf' is downloaded to processor 'microblaze_0'.
21:15:47 INFO  : ----------------XSDB Script----------------
connect -url tcp:127.0.0.1:3121
targets -set -filter {jtag_cable_name =~ "RealDigital Boo 88710000000AA" && level==0 && jtag_device_ctx=="jsn1-0362f093-0"}
fpga -file C:/Vivado/lab6_1/sdk/mb_blink/_ide/bitstream/mb_intro_top.bit
targets -set -nocase -filter {name =~ "*microblaze*#0" && bscan=="USER2" }
loadhw -hw C:/Vivado/lab6_1/sdk/mb_intro_top/export/mb_intro_top/hw/mb_intro_top.xsa -regs
configparams mdm-detect-bscan-mask 2
targets -set -nocase -filter {name =~ "*microblaze*#0" && bscan=="USER2" }
rst -system
after 3000
targets -set -nocase -filter {name =~ "*microblaze*#0" && bscan=="USER2" }
dow C:/Vivado/lab6_1/sdk/mb_blink/Debug/mb_blink.elf
----------------End of Script----------------

21:15:47 INFO  : Context for processor 'microblaze_0' is selected.
21:15:47 INFO  : 'con' command is executed.
21:15:47 INFO  : ----------------XSDB Script (After Launch)----------------
targets -set -nocase -filter {name =~ "*microblaze*#0" && bscan=="USER2" }
con
----------------End of Script----------------

21:15:47 INFO  : Launch script is exported to file 'C:\Vivado\lab6_1\sdk\mb_blink_system\_ide\scripts\debugger_mb_blink-default.tcl'
06:28:16 DEBUG : Logs will be stored at 'C:/Vivado/lab6_1/sdk/IDE.log'.
06:28:17 INFO  : Launching XSCT server: xsct.bat -n  -interactive C:\Vivado\lab6_1\sdk\temp_xsdb_launch_script.tcl
06:28:21 INFO  : Registering command handlers for Vitis TCF services
06:28:21 INFO  : Platform repository initialization has completed.
06:28:22 INFO  : XSCT server has started successfully.
06:28:22 INFO  : plnx-install-location is set to ''
06:28:27 INFO  : Successfully done setting XSCT server connection channel  
06:28:27 INFO  : Successfully done query RDI_DATADIR 
06:28:27 INFO  : Successfully done setting workspace for the tool. 
06:29:06 INFO  : Result from executing command 'getProjects': mb_intro_top
06:29:06 INFO  : Result from executing command 'getPlatforms': mb_intro_top|C:/Vivado/lab6_1/sdk/mb_intro_top/export/mb_intro_top/mb_intro_top.xpfm
06:29:06 INFO  : Checking for BSP changes to sync application flags for project 'mb_blink'...
06:29:25 INFO  : Connected to target on host '127.0.0.1' and port '3121'.
06:29:26 INFO  : Jtag cable 'RealDigital Boo 88710000000AA' is selected.
06:29:26 INFO  : 'jtag frequency' command is executed.
06:29:26 INFO  : 'targets -set -filter {jtag_cable_name =~ "RealDigital Boo 88710000000AA" && level==0 && jtag_device_ctx=="jsn1-0362f093-0"}' command is executed.
06:29:27 INFO  : Device configured successfully with "C:/Vivado/lab6_1/sdk/mb_blink/_ide/bitstream/mb_intro_top.bit"
06:29:27 INFO  : Context for processor 'microblaze_0' is selected.
06:29:27 INFO  : Hardware design and registers information is loaded from 'C:/Vivado/lab6_1/sdk/mb_intro_top/export/mb_intro_top/hw/mb_intro_top.xsa'.
06:29:27 INFO  : 'configparams mdm-detect-bscan-mask 2' command is executed.
06:29:27 INFO  : Context for processor 'microblaze_0' is selected.
06:29:27 INFO  : System reset is completed.
06:29:30 INFO  : 'after 3000' command is executed.
06:29:30 INFO  : Context for processor 'microblaze_0' is selected.
06:29:30 INFO  : The application 'C:/Vivado/lab6_1/sdk/mb_blink/Debug/mb_blink.elf' is downloaded to processor 'microblaze_0'.
06:29:30 INFO  : ----------------XSDB Script----------------
connect -url tcp:127.0.0.1:3121
targets -set -filter {jtag_cable_name =~ "RealDigital Boo 88710000000AA" && level==0 && jtag_device_ctx=="jsn1-0362f093-0"}
fpga -file C:/Vivado/lab6_1/sdk/mb_blink/_ide/bitstream/mb_intro_top.bit
targets -set -nocase -filter {name =~ "*microblaze*#0" && bscan=="USER2" }
loadhw -hw C:/Vivado/lab6_1/sdk/mb_intro_top/export/mb_intro_top/hw/mb_intro_top.xsa -regs
configparams mdm-detect-bscan-mask 2
targets -set -nocase -filter {name =~ "*microblaze*#0" && bscan=="USER2" }
rst -system
after 3000
targets -set -nocase -filter {name =~ "*microblaze*#0" && bscan=="USER2" }
dow C:/Vivado/lab6_1/sdk/mb_blink/Debug/mb_blink.elf
----------------End of Script----------------

06:29:31 INFO  : Context for processor 'microblaze_0' is selected.
06:29:31 INFO  : 'con' command is executed.
06:29:31 INFO  : ----------------XSDB Script (After Launch)----------------
targets -set -nocase -filter {name =~ "*microblaze*#0" && bscan=="USER2" }
con
----------------End of Script----------------

06:29:31 INFO  : Launch script is exported to file 'C:\Vivado\lab6_1\sdk\mb_blink_system\_ide\scripts\debugger_mb_blink-default.tcl'
06:30:26 INFO  : Checking for BSP changes to sync application flags for project 'mb_blink'...
06:31:07 INFO  : Hardware specification for platform project 'mb_intro_top' is updated.
06:31:23 INFO  : Hardware specification for platform project 'mb_intro_top' is updated.
06:31:49 INFO  : Result from executing command 'removePlatformRepo': 
06:32:00 INFO  : Result from executing command 'getProjects': mb_intro_top
06:32:00 INFO  : Result from executing command 'getPlatforms': 
06:32:00 INFO  : Checking for BSP changes to sync application flags for project 'mb_blink'...
06:32:02 INFO  : The hardware specification used by project 'mb_blink' is out of sync with the platform. Resource files extracted from the hardware specification will be updated.
06:32:02 INFO  : The file 'C:\Vivado\lab6_1\sdk\mb_blink\_ide\bitstream\mb_intro_top.bit' stored in project is removed.
06:32:02 INFO  : The file 'C:\Vivado\lab6_1\sdk\mb_blink\_ide\bitstream\mb_intro_top.mmi' stored in project is removed.
06:32:02 INFO  : The updated bitstream files are copied from platform to folder 'C:\Vivado\lab6_1\sdk\mb_blink\_ide\bitstream' in project 'mb_blink'.
06:32:33 INFO  : Disconnected from the channel tcfchan#2.
06:32:34 INFO  : Connected to target on host '127.0.0.1' and port '3121'.
06:32:35 INFO  : Jtag cable 'RealDigital Boo 88710000000AA' is selected.
06:32:35 INFO  : 'jtag frequency' command is executed.
06:32:38 ERROR : no targets found with "jtag_cable_name =~ "RealDigital Boo 88710000000AA" && level==0 && jtag_device_ctx=="jsn1-0362f093-0"". available targets:
  1  xc7s50
     2  MicroBlaze Debug Module at USER2
        3  MicroBlaze #0 (Running)
06:32:38 ERROR : Exception occured while running Program Device.
java.lang.RuntimeException: no targets found with "jtag_cable_name =~ "RealDigital Boo 88710000000AA" && level==0 && jtag_device_ctx=="jsn1-0362f093-0"". available targets:
  1  xc7s50
     2  MicroBlaze Debug Module at USER2
        3  MicroBlaze #0 (Running)
06:32:38 INFO  : ----------------XSDB Script----------------
connect -url tcp:127.0.0.1:3121
----------------End of Script----------------

06:32:38 ERROR : no targets found with "jtag_cable_name =~ "RealDigital Boo 88710000000AA" && level==0 && jtag_device_ctx=="jsn1-0362f093-0"". available targets:
  1  xc7s50
     2  MicroBlaze Debug Module at USER2
        3  MicroBlaze #0 (Running)
06:32:46 INFO  : Connected to target on host '127.0.0.1' and port '3121'.
06:32:47 INFO  : Jtag cable 'RealDigital Boo 88710000000AA' is selected.
06:32:47 INFO  : 'jtag frequency' command is executed.
06:32:50 ERROR : no targets found with "jtag_cable_name =~ "RealDigital Boo 88710000000AA" && level==0 && jtag_device_ctx=="jsn1-0362f093-0"". available targets:
  1  xc7s50
     2  MicroBlaze Debug Module at USER2
        3  MicroBlaze #0 (Running)
06:32:50 ERROR : Exception occured while running Program Device.
java.lang.RuntimeException: no targets found with "jtag_cable_name =~ "RealDigital Boo 88710000000AA" && level==0 && jtag_device_ctx=="jsn1-0362f093-0"". available targets:
  1  xc7s50
     2  MicroBlaze Debug Module at USER2
        3  MicroBlaze #0 (Running)
06:32:50 INFO  : ----------------XSDB Script----------------
connect -url tcp:127.0.0.1:3121
----------------End of Script----------------

06:32:50 ERROR : no targets found with "jtag_cable_name =~ "RealDigital Boo 88710000000AA" && level==0 && jtag_device_ctx=="jsn1-0362f093-0"". available targets:
  1  xc7s50
     2  MicroBlaze Debug Module at USER2
        3  MicroBlaze #0 (Running)
06:33:07 INFO  : Connected to target on host '127.0.0.1' and port '3121'.
06:33:07 INFO  : Jtag cable 'RealDigital Boo 88710000000AA' is selected.
06:33:07 INFO  : 'jtag frequency' command is executed.
06:33:10 ERROR : no targets found with "jtag_cable_name =~ "RealDigital Boo 88710000000AA" && level==0 && jtag_device_ctx=="jsn1-0362f093-0"". available targets:
  1  xc7s50
     2  MicroBlaze Debug Module at USER2
        3  MicroBlaze #0 (Running)
06:33:10 ERROR : Exception occured while running Program Device.
java.lang.RuntimeException: no targets found with "jtag_cable_name =~ "RealDigital Boo 88710000000AA" && level==0 && jtag_device_ctx=="jsn1-0362f093-0"". available targets:
  1  xc7s50
     2  MicroBlaze Debug Module at USER2
        3  MicroBlaze #0 (Running)
06:33:10 INFO  : ----------------XSDB Script----------------
connect -url tcp:127.0.0.1:3121
----------------End of Script----------------

06:33:10 ERROR : no targets found with "jtag_cable_name =~ "RealDigital Boo 88710000000AA" && level==0 && jtag_device_ctx=="jsn1-0362f093-0"". available targets:
  1  xc7s50
     2  MicroBlaze Debug Module at USER2
        3  MicroBlaze #0 (Running)
06:33:42 DEBUG : Logs will be stored at 'C:/Vivado/lab6_1/sdk/IDE.log'.
06:33:42 INFO  : Launching XSCT server: xsct.bat -n  -interactive C:\Vivado\lab6_1\sdk\temp_xsdb_launch_script.tcl
06:33:45 INFO  : XSCT server has started successfully.
06:33:45 INFO  : Successfully done setting XSCT server connection channel  
06:33:45 INFO  : plnx-install-location is set to ''
06:33:45 INFO  : Successfully done setting workspace for the tool. 
06:33:46 INFO  : Registering command handlers for Vitis TCF services
06:33:46 INFO  : Platform repository initialization has completed.
06:33:46 INFO  : Successfully done query RDI_DATADIR 
06:33:49 INFO  : Checking for BSP changes to sync application flags for project 'mb_blink'...
06:33:59 INFO  : Connected to target on host '127.0.0.1' and port '3121'.
06:33:59 INFO  : Jtag cable 'RealDigital Boo 88710000000AA' is selected.
06:33:59 INFO  : 'jtag frequency' command is executed.
06:34:00 INFO  : 'targets -set -filter {jtag_cable_name =~ "RealDigital Boo 88710000000AA" && level==0 && jtag_device_ctx=="jsn1-0362f093-0"}' command is executed.
06:34:01 INFO  : Device configured successfully with "C:/Vivado/lab6_1/sdk/mb_blink/_ide/bitstream/mb_intro_top.bit"
06:34:01 INFO  : Context for processor 'microblaze_0' is selected.
06:34:01 INFO  : Hardware design and registers information is loaded from 'C:/Vivado/lab6_1/sdk/mb_intro_top/export/mb_intro_top/hw/mb_intro_top.xsa'.
06:34:01 INFO  : 'configparams mdm-detect-bscan-mask 2' command is executed.
06:34:01 INFO  : Context for processor 'microblaze_0' is selected.
06:34:01 INFO  : System reset is completed.
06:34:04 INFO  : 'after 3000' command is executed.
06:34:04 INFO  : Context for processor 'microblaze_0' is selected.
06:34:04 INFO  : The application 'C:/Vivado/lab6_1/sdk/mb_blink/Debug/mb_blink.elf' is downloaded to processor 'microblaze_0'.
06:34:04 INFO  : ----------------XSDB Script----------------
connect -url tcp:127.0.0.1:3121
targets -set -filter {jtag_cable_name =~ "RealDigital Boo 88710000000AA" && level==0 && jtag_device_ctx=="jsn1-0362f093-0"}
fpga -file C:/Vivado/lab6_1/sdk/mb_blink/_ide/bitstream/mb_intro_top.bit
targets -set -nocase -filter {name =~ "*microblaze*#0" && bscan=="USER2" }
loadhw -hw C:/Vivado/lab6_1/sdk/mb_intro_top/export/mb_intro_top/hw/mb_intro_top.xsa -regs
configparams mdm-detect-bscan-mask 2
targets -set -nocase -filter {name =~ "*microblaze*#0" && bscan=="USER2" }
rst -system
after 3000
targets -set -nocase -filter {name =~ "*microblaze*#0" && bscan=="USER2" }
dow C:/Vivado/lab6_1/sdk/mb_blink/Debug/mb_blink.elf
----------------End of Script----------------

06:34:05 INFO  : Context for processor 'microblaze_0' is selected.
06:34:05 INFO  : 'con' command is executed.
06:34:05 INFO  : ----------------XSDB Script (After Launch)----------------
targets -set -nocase -filter {name =~ "*microblaze*#0" && bscan=="USER2" }
con
----------------End of Script----------------

06:34:05 INFO  : Launch script is exported to file 'C:\Vivado\lab6_1\sdk\mb_blink_system\_ide\scripts\debugger_mb_blink-default.tcl'
07:35:47 INFO  : Checking for BSP changes to sync application flags for project 'mb_blink'...
07:35:59 INFO  : Disconnected from the channel tcfchan#1.
07:36:00 INFO  : Connected to target on host '127.0.0.1' and port '3121'.
07:36:00 INFO  : Jtag cable 'RealDigital Boo 88710000000AA' is selected.
07:36:00 INFO  : 'jtag frequency' command is executed.
07:36:00 INFO  : 'targets -set -filter {jtag_cable_name =~ "RealDigital Boo 88710000000AA" && level==0 && jtag_device_ctx=="jsn1-0362f093-0"}' command is executed.
07:36:01 INFO  : Device configured successfully with "C:/Vivado/lab6_1/sdk/mb_blink/_ide/bitstream/mb_intro_top.bit"
07:36:02 INFO  : Context for processor 'microblaze_0' is selected.
07:36:02 INFO  : Hardware design and registers information is loaded from 'C:/Vivado/lab6_1/sdk/mb_intro_top/export/mb_intro_top/hw/mb_intro_top.xsa'.
07:36:02 INFO  : 'configparams mdm-detect-bscan-mask 2' command is executed.
07:36:02 INFO  : Context for processor 'microblaze_0' is selected.
07:36:02 INFO  : System reset is completed.
07:36:05 INFO  : 'after 3000' command is executed.
07:36:05 INFO  : Context for processor 'microblaze_0' is selected.
07:36:05 INFO  : The application 'C:/Vivado/lab6_1/sdk/mb_blink/Debug/mb_blink.elf' is downloaded to processor 'microblaze_0'.
07:36:05 INFO  : ----------------XSDB Script----------------
connect -url tcp:127.0.0.1:3121
targets -set -filter {jtag_cable_name =~ "RealDigital Boo 88710000000AA" && level==0 && jtag_device_ctx=="jsn1-0362f093-0"}
fpga -file C:/Vivado/lab6_1/sdk/mb_blink/_ide/bitstream/mb_intro_top.bit
targets -set -nocase -filter {name =~ "*microblaze*#0" && bscan=="USER2" }
loadhw -hw C:/Vivado/lab6_1/sdk/mb_intro_top/export/mb_intro_top/hw/mb_intro_top.xsa -regs
configparams mdm-detect-bscan-mask 2
targets -set -nocase -filter {name =~ "*microblaze*#0" && bscan=="USER2" }
rst -system
after 3000
targets -set -nocase -filter {name =~ "*microblaze*#0" && bscan=="USER2" }
dow C:/Vivado/lab6_1/sdk/mb_blink/Debug/mb_blink.elf
----------------End of Script----------------

07:36:05 INFO  : Context for processor 'microblaze_0' is selected.
07:36:05 INFO  : 'con' command is executed.
07:36:05 INFO  : ----------------XSDB Script (After Launch)----------------
targets -set -nocase -filter {name =~ "*microblaze*#0" && bscan=="USER2" }
con
----------------End of Script----------------

07:36:05 INFO  : Launch script is exported to file 'C:\Vivado\lab6_1\sdk\mb_blink_system\_ide\scripts\debugger_mb_blink-default.tcl'
07:36:39 INFO  : Checking for BSP changes to sync application flags for project 'mb_blink'...
07:36:45 INFO  : Disconnected from the channel tcfchan#2.
07:36:46 INFO  : Connected to target on host '127.0.0.1' and port '3121'.
07:36:55 INFO  : ----------------XSDB Script----------------
connect -url tcp:127.0.0.1:3121
----------------End of Script----------------

07:36:55 ERROR : Could not find FPGA device on the board for connection 'Local'.


Troubleshooting hints:
1. Check whether board is connected to system properly.
2. In case of zynq board, check whether Digilent/Xilinx cable switch settings are correct.
3. If you are using Xilinx Platform Cable USB, ensure that status LED is green.
07:37:07 INFO  : Connected to target on host '127.0.0.1' and port '3121'.
07:37:07 INFO  : Jtag cable 'RealDigital Boo 88710000000AA' is selected.
07:37:07 INFO  : 'jtag frequency' command is executed.
07:37:07 INFO  : 'targets -set -filter {jtag_cable_name =~ "RealDigital Boo 88710000000AA" && level==0 && jtag_device_ctx=="jsn1-0362f093-0"}' command is executed.
07:37:09 INFO  : Device configured successfully with "C:/Vivado/lab6_1/sdk/mb_blink/_ide/bitstream/mb_intro_top.bit"
07:37:09 INFO  : Context for processor 'microblaze_0' is selected.
07:37:09 INFO  : Hardware design and registers information is loaded from 'C:/Vivado/lab6_1/sdk/mb_intro_top/export/mb_intro_top/hw/mb_intro_top.xsa'.
07:37:09 INFO  : 'configparams mdm-detect-bscan-mask 2' command is executed.
07:37:09 INFO  : Context for processor 'microblaze_0' is selected.
07:37:09 INFO  : System reset is completed.
07:37:12 INFO  : 'after 3000' command is executed.
07:37:12 INFO  : Context for processor 'microblaze_0' is selected.
07:37:12 INFO  : The application 'C:/Vivado/lab6_1/sdk/mb_blink/Debug/mb_blink.elf' is downloaded to processor 'microblaze_0'.
07:37:12 INFO  : ----------------XSDB Script----------------
connect -url tcp:127.0.0.1:3121
targets -set -filter {jtag_cable_name =~ "RealDigital Boo 88710000000AA" && level==0 && jtag_device_ctx=="jsn1-0362f093-0"}
fpga -file C:/Vivado/lab6_1/sdk/mb_blink/_ide/bitstream/mb_intro_top.bit
targets -set -nocase -filter {name =~ "*microblaze*#0" && bscan=="USER2" }
loadhw -hw C:/Vivado/lab6_1/sdk/mb_intro_top/export/mb_intro_top/hw/mb_intro_top.xsa -regs
configparams mdm-detect-bscan-mask 2
targets -set -nocase -filter {name =~ "*microblaze*#0" && bscan=="USER2" }
rst -system
after 3000
targets -set -nocase -filter {name =~ "*microblaze*#0" && bscan=="USER2" }
dow C:/Vivado/lab6_1/sdk/mb_blink/Debug/mb_blink.elf
----------------End of Script----------------

07:37:12 INFO  : Context for processor 'microblaze_0' is selected.
07:37:12 INFO  : 'con' command is executed.
07:37:12 INFO  : ----------------XSDB Script (After Launch)----------------
targets -set -nocase -filter {name =~ "*microblaze*#0" && bscan=="USER2" }
con
----------------End of Script----------------

07:37:12 INFO  : Launch script is exported to file 'C:\Vivado\lab6_1\sdk\mb_blink_system\_ide\scripts\debugger_mb_blink-default.tcl'
09:13:22 INFO  : Disconnected from the channel tcfchan#3.
09:13:24 INFO  : Connected to target on host '127.0.0.1' and port '3121'.
09:13:33 INFO  : ----------------XSDB Script----------------
connect -url tcp:127.0.0.1:3121
----------------End of Script----------------

09:13:33 ERROR : Could not find FPGA device on the board for connection 'Local'.


Troubleshooting hints:
1. Check whether board is connected to system properly.
2. In case of zynq board, check whether Digilent/Xilinx cable switch settings are correct.
3. If you are using Xilinx Platform Cable USB, ensure that status LED is green.
09:13:39 INFO  : Connected to target on host '127.0.0.1' and port '3121'.
09:13:39 INFO  : Jtag cable 'RealDigital Boo 88710000000AA' is selected.
09:13:39 INFO  : 'jtag frequency' command is executed.
09:13:39 INFO  : 'targets -set -filter {jtag_cable_name =~ "RealDigital Boo 88710000000AA" && level==0 && jtag_device_ctx=="jsn1-0362f093-0"}' command is executed.
09:13:41 INFO  : Device configured successfully with "C:/Vivado/lab6_1/sdk/mb_blink/_ide/bitstream/mb_intro_top.bit"
09:13:41 INFO  : Context for processor 'microblaze_0' is selected.
09:13:41 INFO  : Hardware design and registers information is loaded from 'C:/Vivado/lab6_1/sdk/mb_intro_top/export/mb_intro_top/hw/mb_intro_top.xsa'.
09:13:41 INFO  : 'configparams mdm-detect-bscan-mask 2' command is executed.
09:13:41 INFO  : Context for processor 'microblaze_0' is selected.
09:13:41 INFO  : System reset is completed.
09:13:44 INFO  : 'after 3000' command is executed.
09:13:44 INFO  : Context for processor 'microblaze_0' is selected.
09:13:44 INFO  : The application 'C:/Vivado/lab6_1/sdk/mb_blink/Debug/mb_blink.elf' is downloaded to processor 'microblaze_0'.
09:13:44 INFO  : ----------------XSDB Script----------------
connect -url tcp:127.0.0.1:3121
targets -set -filter {jtag_cable_name =~ "RealDigital Boo 88710000000AA" && level==0 && jtag_device_ctx=="jsn1-0362f093-0"}
fpga -file C:/Vivado/lab6_1/sdk/mb_blink/_ide/bitstream/mb_intro_top.bit
targets -set -nocase -filter {name =~ "*microblaze*#0" && bscan=="USER2" }
loadhw -hw C:/Vivado/lab6_1/sdk/mb_intro_top/export/mb_intro_top/hw/mb_intro_top.xsa -regs
configparams mdm-detect-bscan-mask 2
targets -set -nocase -filter {name =~ "*microblaze*#0" && bscan=="USER2" }
rst -system
after 3000
targets -set -nocase -filter {name =~ "*microblaze*#0" && bscan=="USER2" }
dow C:/Vivado/lab6_1/sdk/mb_blink/Debug/mb_blink.elf
----------------End of Script----------------

09:13:44 INFO  : Context for processor 'microblaze_0' is selected.
09:13:44 INFO  : 'con' command is executed.
09:13:44 INFO  : ----------------XSDB Script (After Launch)----------------
targets -set -nocase -filter {name =~ "*microblaze*#0" && bscan=="USER2" }
con
----------------End of Script----------------

09:13:44 INFO  : Launch script is exported to file 'C:\Vivado\lab6_1\sdk\mb_blink_system\_ide\scripts\debugger_mb_blink-default.tcl'
11:39:18 INFO  : Disconnected from the channel tcfchan#4.
14:39:56 DEBUG : Logs will be stored at 'C:/Vivado/lab6_1/sdk/IDE.log'.
14:39:57 INFO  : Launching XSCT server: xsct.bat -n  -interactive C:\Vivado\lab6_1\sdk\temp_xsdb_launch_script.tcl
14:40:02 INFO  : XSCT server has started successfully.
14:40:02 INFO  : Platform repository initialization has completed.
14:40:02 INFO  : Registering command handlers for Vitis TCF services
14:40:08 INFO  : Successfully done setting XSCT server connection channel  
14:40:08 INFO  : plnx-install-location is set to ''
14:40:08 INFO  : Successfully done query RDI_DATADIR 
14:40:08 INFO  : Successfully done setting workspace for the tool. 
