
*** Running vivado
    with args -log Processor.vds -m64 -product Vivado -mode batch -messageDb vivado.pb -notrace -source Processor.tcl



****** Vivado v2022.2 (64-bit)
  **** SW Build 3671981 on Fri Oct 14 05:00:03 MDT 2022
  **** IP Build 3669848 on Fri Oct 14 08:30:02 MDT 2022
    ** Copyright 1986-2022 Xilinx, Inc. All Rights Reserved.

source Processor.tcl -notrace
Command: read_checkpoint -auto_incremental -incremental C:/Vivado/lab2_2/lab2_2.srcs/utils_1/imports/synth_1/Processor.dcp
INFO: [Vivado 12-5825] Read reference checkpoint from C:/Vivado/lab2_2/lab2_2.srcs/utils_1/imports/synth_1/Processor.dcp for incremental synthesis
INFO: [Vivado 12-7989] Please ensure there are no constraint changes
Command: synth_design -top Processor -part xc7s50csga324-1
Starting synth_design
Attempting to get a license for feature 'Synthesis' and/or device 'xc7s50'
INFO: [Common 17-349] Got license for feature 'Synthesis' and/or device 'xc7s50'
INFO: [Device 21-403] Loading part xc7s50csga324-1
INFO: [Designutils 20-5440] No compile time benefit to using incremental synthesis; A full resynthesis will be run
INFO: [Designutils 20-4379] Flow is switching to default flow due to incremental criteria not met. If you would like to alter this behaviour and have the flow terminate instead, please set the following parameter config_implementation {autoIncr.Synth.RejectBehavior Terminate}
INFO: [Synth 8-7079] Multithreading enabled for synth_design using a maximum of 2 processes.
INFO: [Synth 8-7078] Launching helper process for spawning children vivado processes
INFO: [Synth 8-7075] Helper process launched with PID 25404
INFO: [Synth 8-11241] undeclared symbol 'REGCCE', assumed default net type 'wire' [C:/Xilinx/Vivado/2022.2/data/verilog/src/unimacro/BRAM_SINGLE_MACRO.v:2170]
WARNING: [Synth 8-11121] redeclaration of ANSI port 'q' is not allowed [C:/Vivado/lab2_2/lab2_2.srcs/sources_1/imports/design_source/Synchronizers.sv:20]
---------------------------------------------------------------------------------
Starting RTL Elaboration : Time (s): cpu = 00:00:03 ; elapsed = 00:00:04 . Memory (MB): peak = 1179.020 ; gain = 409.156
---------------------------------------------------------------------------------
INFO: [Synth 8-6157] synthesizing module 'Processor' [C:/Vivado/lab2_2/lab2_2.srcs/sources_1/imports/design_source/Processor.sv:8]
INFO: [Synth 8-6157] synthesizing module 'register_unit' [C:/Vivado/lab2_2/lab2_2.srcs/sources_1/imports/design_source/Register_unit.sv:1]
INFO: [Synth 8-6157] synthesizing module 'reg_4' [C:/Vivado/lab2_2/lab2_2.srcs/sources_1/imports/design_source/Reg_4.sv:1]
INFO: [Synth 8-6155] done synthesizing module 'reg_4' (0#1) [C:/Vivado/lab2_2/lab2_2.srcs/sources_1/imports/design_source/Reg_4.sv:1]
INFO: [Synth 8-6155] done synthesizing module 'register_unit' (0#1) [C:/Vivado/lab2_2/lab2_2.srcs/sources_1/imports/design_source/Register_unit.sv:1]
INFO: [Synth 8-6157] synthesizing module 'compute' [C:/Vivado/lab2_2/lab2_2.srcs/sources_1/imports/design_source/compute.sv:1]
INFO: [Synth 8-294] found qualifier unique on case statement: implementing as parallel_case [C:/Vivado/lab2_2/lab2_2.srcs/sources_1/imports/design_source/compute.sv:14]
INFO: [Synth 8-6155] done synthesizing module 'compute' (0#1) [C:/Vivado/lab2_2/lab2_2.srcs/sources_1/imports/design_source/compute.sv:1]
INFO: [Synth 8-6157] synthesizing module 'router' [C:/Vivado/lab2_2/lab2_2.srcs/sources_1/imports/design_source/Router.sv:1]
INFO: [Synth 8-294] found qualifier unique on case statement: implementing as parallel_case [C:/Vivado/lab2_2/lab2_2.srcs/sources_1/imports/design_source/Router.sv:13]
INFO: [Synth 8-294] found qualifier unique on case statement: implementing as parallel_case [C:/Vivado/lab2_2/lab2_2.srcs/sources_1/imports/design_source/Router.sv:23]
INFO: [Synth 8-6155] done synthesizing module 'router' (0#1) [C:/Vivado/lab2_2/lab2_2.srcs/sources_1/imports/design_source/Router.sv:1]
INFO: [Synth 8-6157] synthesizing module 'control' [C:/Vivado/lab2_2/lab2_2.srcs/sources_1/imports/design_source/Control.sv:3]
INFO: [Synth 8-294] found qualifier unique on case statement: implementing as parallel_case [C:/Vivado/lab2_2/lab2_2.srcs/sources_1/imports/design_source/Control.sv:34]
INFO: [Synth 8-294] found qualifier unique on case statement: implementing as parallel_case [C:/Vivado/lab2_2/lab2_2.srcs/sources_1/imports/design_source/Control.sv:63]
INFO: [Synth 8-6155] done synthesizing module 'control' (0#1) [C:/Vivado/lab2_2/lab2_2.srcs/sources_1/imports/design_source/Control.sv:3]
INFO: [Synth 8-6157] synthesizing module 'HexDriver' [C:/Vivado/lab2_2/lab2_2.srcs/sources_1/imports/design_source/HexDriver.sv:1]
INFO: [Synth 8-6157] synthesizing module 'nibble_to_hex' [C:/Vivado/lab2_2/lab2_2.srcs/sources_1/imports/design_source/HexDriver.sv:11]
INFO: [Synth 8-6155] done synthesizing module 'nibble_to_hex' (0#1) [C:/Vivado/lab2_2/lab2_2.srcs/sources_1/imports/design_source/HexDriver.sv:11]
INFO: [Synth 8-6157] synthesizing module 'nibble_to_hex' [C:/Vivado/lab2_2/lab2_2.srcs/sources_1/imports/design_source/HexDriver.sv:11]
INFO: [Synth 8-6155] done synthesizing module 'nibble_to_hex' (0#1) [C:/Vivado/lab2_2/lab2_2.srcs/sources_1/imports/design_source/HexDriver.sv:11]
INFO: [Synth 8-6157] synthesizing module 'nibble_to_hex' [C:/Vivado/lab2_2/lab2_2.srcs/sources_1/imports/design_source/HexDriver.sv:11]
INFO: [Synth 8-6155] done synthesizing module 'nibble_to_hex' (0#1) [C:/Vivado/lab2_2/lab2_2.srcs/sources_1/imports/design_source/HexDriver.sv:11]
INFO: [Synth 8-6157] synthesizing module 'nibble_to_hex' [C:/Vivado/lab2_2/lab2_2.srcs/sources_1/imports/design_source/HexDriver.sv:11]
INFO: [Synth 8-6155] done synthesizing module 'nibble_to_hex' (0#1) [C:/Vivado/lab2_2/lab2_2.srcs/sources_1/imports/design_source/HexDriver.sv:11]
INFO: [Synth 8-6155] done synthesizing module 'HexDriver' (0#1) [C:/Vivado/lab2_2/lab2_2.srcs/sources_1/imports/design_source/HexDriver.sv:1]
INFO: [Synth 8-6157] synthesizing module 'sync_debounce' [C:/Vivado/lab2_2/lab2_2.srcs/sources_1/imports/design_source/Synchronizers.sv:13]
INFO: [Synth 8-6155] done synthesizing module 'sync_debounce' (0#1) [C:/Vivado/lab2_2/lab2_2.srcs/sources_1/imports/design_source/Synchronizers.sv:13]
INFO: [Synth 8-6155] done synthesizing module 'Processor' (0#1) [C:/Vivado/lab2_2/lab2_2.srcs/sources_1/imports/design_source/Processor.sv:8]
---------------------------------------------------------------------------------
Finished RTL Elaboration : Time (s): cpu = 00:00:04 ; elapsed = 00:00:05 . Memory (MB): peak = 1269.547 ; gain = 499.684
---------------------------------------------------------------------------------
---------------------------------------------------------------------------------
Start Handling Custom Attributes
---------------------------------------------------------------------------------
---------------------------------------------------------------------------------
Finished Handling Custom Attributes : Time (s): cpu = 00:00:04 ; elapsed = 00:00:05 . Memory (MB): peak = 1269.547 ; gain = 499.684
---------------------------------------------------------------------------------
---------------------------------------------------------------------------------
Finished RTL Optimization Phase 1 : Time (s): cpu = 00:00:04 ; elapsed = 00:00:05 . Memory (MB): peak = 1269.547 ; gain = 499.684
---------------------------------------------------------------------------------
Netlist sorting complete. Time (s): cpu = 00:00:00 ; elapsed = 00:00:00.002 . Memory (MB): peak = 1269.547 ; gain = 0.000
INFO: [Project 1-570] Preparing netlist for logic optimization

Processing XDC Constraints
Initializing timing engine
Parsing XDC File [C:/Vivado/lab2_2/lab2_2.srcs/constrs_1/new/lab2_2.xdc]
WARNING: [Vivado 12-507] No nets matched 'Bval_OBUF[0]'. [C:/Vivado/lab2_2/lab2_2.srcs/constrs_1/new/lab2_2.xdc:78]
CRITICAL WARNING: [Common 17-55] 'set_property' expects at least one object. [C:/Vivado/lab2_2/lab2_2.srcs/constrs_1/new/lab2_2.xdc:78]
Resolution: If [get_<value>] was used to populate the object, check to make sure this command returns at least one valid object.
WARNING: [Vivado 12-507] No nets matched 'Bval_OBUF[1]'. [C:/Vivado/lab2_2/lab2_2.srcs/constrs_1/new/lab2_2.xdc:79]
CRITICAL WARNING: [Common 17-55] 'set_property' expects at least one object. [C:/Vivado/lab2_2/lab2_2.srcs/constrs_1/new/lab2_2.xdc:79]
Resolution: If [get_<value>] was used to populate the object, check to make sure this command returns at least one valid object.
WARNING: [Vivado 12-507] No nets matched 'Bval_OBUF[2]'. [C:/Vivado/lab2_2/lab2_2.srcs/constrs_1/new/lab2_2.xdc:80]
CRITICAL WARNING: [Common 17-55] 'set_property' expects at least one object. [C:/Vivado/lab2_2/lab2_2.srcs/constrs_1/new/lab2_2.xdc:80]
Resolution: If [get_<value>] was used to populate the object, check to make sure this command returns at least one valid object.
WARNING: [Vivado 12-507] No nets matched 'Bval_OBUF[3]'. [C:/Vivado/lab2_2/lab2_2.srcs/constrs_1/new/lab2_2.xdc:81]
CRITICAL WARNING: [Common 17-55] 'set_property' expects at least one object. [C:/Vivado/lab2_2/lab2_2.srcs/constrs_1/new/lab2_2.xdc:81]
Resolution: If [get_<value>] was used to populate the object, check to make sure this command returns at least one valid object.
WARNING: [Vivado 12-507] No nets matched 'Bval_OBUF[4]'. [C:/Vivado/lab2_2/lab2_2.srcs/constrs_1/new/lab2_2.xdc:82]
CRITICAL WARNING: [Common 17-55] 'set_property' expects at least one object. [C:/Vivado/lab2_2/lab2_2.srcs/constrs_1/new/lab2_2.xdc:82]
Resolution: If [get_<value>] was used to populate the object, check to make sure this command returns at least one valid object.
WARNING: [Vivado 12-507] No nets matched 'Bval_OBUF[5]'. [C:/Vivado/lab2_2/lab2_2.srcs/constrs_1/new/lab2_2.xdc:83]
CRITICAL WARNING: [Common 17-55] 'set_property' expects at least one object. [C:/Vivado/lab2_2/lab2_2.srcs/constrs_1/new/lab2_2.xdc:83]
Resolution: If [get_<value>] was used to populate the object, check to make sure this command returns at least one valid object.
WARNING: [Vivado 12-507] No nets matched 'Bval_OBUF[6]'. [C:/Vivado/lab2_2/lab2_2.srcs/constrs_1/new/lab2_2.xdc:84]
CRITICAL WARNING: [Common 17-55] 'set_property' expects at least one object. [C:/Vivado/lab2_2/lab2_2.srcs/constrs_1/new/lab2_2.xdc:84]
Resolution: If [get_<value>] was used to populate the object, check to make sure this command returns at least one valid object.
WARNING: [Vivado 12-507] No nets matched 'Bval_OBUF[7]'. [C:/Vivado/lab2_2/lab2_2.srcs/constrs_1/new/lab2_2.xdc:85]
CRITICAL WARNING: [Common 17-55] 'set_property' expects at least one object. [C:/Vivado/lab2_2/lab2_2.srcs/constrs_1/new/lab2_2.xdc:85]
Resolution: If [get_<value>] was used to populate the object, check to make sure this command returns at least one valid object.
WARNING: [Vivado 12-507] No nets matched 'Aval_OBUF[0]'. [C:/Vivado/lab2_2/lab2_2.srcs/constrs_1/new/lab2_2.xdc:86]
CRITICAL WARNING: [Common 17-55] 'set_property' expects at least one object. [C:/Vivado/lab2_2/lab2_2.srcs/constrs_1/new/lab2_2.xdc:86]
Resolution: If [get_<value>] was used to populate the object, check to make sure this command returns at least one valid object.
WARNING: [Vivado 12-507] No nets matched 'Aval_OBUF[1]'. [C:/Vivado/lab2_2/lab2_2.srcs/constrs_1/new/lab2_2.xdc:87]
CRITICAL WARNING: [Common 17-55] 'set_property' expects at least one object. [C:/Vivado/lab2_2/lab2_2.srcs/constrs_1/new/lab2_2.xdc:87]
Resolution: If [get_<value>] was used to populate the object, check to make sure this command returns at least one valid object.
WARNING: [Vivado 12-507] No nets matched 'Aval_OBUF[2]'. [C:/Vivado/lab2_2/lab2_2.srcs/constrs_1/new/lab2_2.xdc:88]
CRITICAL WARNING: [Common 17-55] 'set_property' expects at least one object. [C:/Vivado/lab2_2/lab2_2.srcs/constrs_1/new/lab2_2.xdc:88]
Resolution: If [get_<value>] was used to populate the object, check to make sure this command returns at least one valid object.
WARNING: [Vivado 12-507] No nets matched 'Aval_OBUF[3]'. [C:/Vivado/lab2_2/lab2_2.srcs/constrs_1/new/lab2_2.xdc:89]
CRITICAL WARNING: [Common 17-55] 'set_property' expects at least one object. [C:/Vivado/lab2_2/lab2_2.srcs/constrs_1/new/lab2_2.xdc:89]
Resolution: If [get_<value>] was used to populate the object, check to make sure this command returns at least one valid object.
WARNING: [Vivado 12-507] No nets matched 'Aval_OBUF[4]'. [C:/Vivado/lab2_2/lab2_2.srcs/constrs_1/new/lab2_2.xdc:90]
CRITICAL WARNING: [Common 17-55] 'set_property' expects at least one object. [C:/Vivado/lab2_2/lab2_2.srcs/constrs_1/new/lab2_2.xdc:90]
Resolution: If [get_<value>] was used to populate the object, check to make sure this command returns at least one valid object.
WARNING: [Vivado 12-507] No nets matched 'Aval_OBUF[5]'. [C:/Vivado/lab2_2/lab2_2.srcs/constrs_1/new/lab2_2.xdc:91]
CRITICAL WARNING: [Common 17-55] 'set_property' expects at least one object. [C:/Vivado/lab2_2/lab2_2.srcs/constrs_1/new/lab2_2.xdc:91]
Resolution: If [get_<value>] was used to populate the object, check to make sure this command returns at least one valid object.
WARNING: [Vivado 12-507] No nets matched 'Aval_OBUF[6]'. [C:/Vivado/lab2_2/lab2_2.srcs/constrs_1/new/lab2_2.xdc:92]
CRITICAL WARNING: [Common 17-55] 'set_property' expects at least one object. [C:/Vivado/lab2_2/lab2_2.srcs/constrs_1/new/lab2_2.xdc:92]
Resolution: If [get_<value>] was used to populate the object, check to make sure this command returns at least one valid object.
WARNING: [Vivado 12-507] No nets matched 'Aval_OBUF[7]'. [C:/Vivado/lab2_2/lab2_2.srcs/constrs_1/new/lab2_2.xdc:93]
CRITICAL WARNING: [Common 17-55] 'set_property' expects at least one object. [C:/Vivado/lab2_2/lab2_2.srcs/constrs_1/new/lab2_2.xdc:93]
Resolution: If [get_<value>] was used to populate the object, check to make sure this command returns at least one valid object.
WARNING: [Vivado 12-507] No nets matched 'LED_OBUF[0]'. [C:/Vivado/lab2_2/lab2_2.srcs/constrs_1/new/lab2_2.xdc:122]
CRITICAL WARNING: [Common 17-55] 'set_property' expects at least one object. [C:/Vivado/lab2_2/lab2_2.srcs/constrs_1/new/lab2_2.xdc:122]
Resolution: If [get_<value>] was used to populate the object, check to make sure this command returns at least one valid object.
WARNING: [Vivado 12-507] No nets matched 'LED_OBUF[3]'. [C:/Vivado/lab2_2/lab2_2.srcs/constrs_1/new/lab2_2.xdc:123]
CRITICAL WARNING: [Common 17-55] 'set_property' expects at least one object. [C:/Vivado/lab2_2/lab2_2.srcs/constrs_1/new/lab2_2.xdc:123]
Resolution: If [get_<value>] was used to populate the object, check to make sure this command returns at least one valid object.
Finished Parsing XDC File [C:/Vivado/lab2_2/lab2_2.srcs/constrs_1/new/lab2_2.xdc]
INFO: [Project 1-236] Implementation specific constraints were found while reading constraint file [C:/Vivado/lab2_2/lab2_2.srcs/constrs_1/new/lab2_2.xdc]. These constraints will be ignored for synthesis but will be used in implementation. Impacted constraints are listed in the file [.Xil/Processor_propImpl.xdc].
Resolution: To avoid this warning, move constraints listed in [.Xil/Processor_propImpl.xdc] to another XDC file and exclude this new file from synthesis with the used_in_synthesis property (File Properties dialog in GUI) and re-run elaboration/synthesis.
Completed Processing XDC Constraints

Netlist sorting complete. Time (s): cpu = 00:00:00 ; elapsed = 00:00:00 . Memory (MB): peak = 1334.992 ; gain = 0.000
INFO: [Project 1-111] Unisim Transformation Summary:
No Unisim elements were transformed.

Constraint Validation Runtime : Time (s): cpu = 00:00:00 ; elapsed = 00:00:00.003 . Memory (MB): peak = 1334.992 ; gain = 0.000
INFO: [Designutils 20-5440] No compile time benefit to using incremental synthesis; A full resynthesis will be run
INFO: [Designutils 20-4379] Flow is switching to default flow due to incremental criteria not met. If you would like to alter this behaviour and have the flow terminate instead, please set the following parameter config_implementation {autoIncr.Synth.RejectBehavior Terminate}
INFO: [Synth 8-11241] undeclared symbol 'REGCCE', assumed default net type 'wire' [C:/Xilinx/Vivado/2022.2/data/verilog/src/unimacro/BRAM_SINGLE_MACRO.v:2170]
---------------------------------------------------------------------------------
Finished Constraint Validation : Time (s): cpu = 00:00:09 ; elapsed = 00:00:10 . Memory (MB): peak = 1334.992 ; gain = 565.129
---------------------------------------------------------------------------------
---------------------------------------------------------------------------------
Start Loading Part and Timing Information
---------------------------------------------------------------------------------
Loading part: xc7s50csga324-1
---------------------------------------------------------------------------------
Finished Loading Part and Timing Information : Time (s): cpu = 00:00:09 ; elapsed = 00:00:10 . Memory (MB): peak = 1334.992 ; gain = 565.129
---------------------------------------------------------------------------------
---------------------------------------------------------------------------------
Start Applying 'set_property' XDC Constraints
---------------------------------------------------------------------------------
---------------------------------------------------------------------------------
Finished applying 'set_property' XDC Constraints : Time (s): cpu = 00:00:09 ; elapsed = 00:00:10 . Memory (MB): peak = 1334.992 ; gain = 565.129
---------------------------------------------------------------------------------
INFO: [Synth 8-802] inferred FSM for state register 'curr_state_reg' in module 'control'
---------------------------------------------------------------------------------------------------
                   State |                     New Encoding |                Previous Encoding 
---------------------------------------------------------------------------------------------------
                 s_start |                      00000000001 |                             0000
                s_count0 |                      00000000010 |                             0001
                s_count1 |                      00000000100 |                             0010
                s_count2 |                      00000001000 |                             0011
                s_count3 |                      00000010000 |                             0100
                s_count4 |                      00000100000 |                             0101
                s_count5 |                      00001000000 |                             0110
                s_count6 |                      00010000000 |                             0111
                s_count7 |                      00100000000 |                             1000
                  s_done |                      01000000000 |                             1001
                  iSTATE |                      10000000000 |                             1111
---------------------------------------------------------------------------------------------------
INFO: [Synth 8-3354] encoded FSM with state register 'curr_state_reg' using encoding 'one-hot' in module 'control'
---------------------------------------------------------------------------------
Finished RTL Optimization Phase 2 : Time (s): cpu = 00:00:10 ; elapsed = 00:00:11 . Memory (MB): peak = 1334.992 ; gain = 565.129
---------------------------------------------------------------------------------
---------------------------------------------------------------------------------
Start RTL Component Statistics 
---------------------------------------------------------------------------------
Detailed RTL Component Info : 
+---XORs : 
	   2 Input      1 Bit         XORs := 18    
+---Registers : 
	                8 Bit    Registers := 2     
	                1 Bit    Registers := 51    
+---Muxes : 
	  10 Input   11 Bit        Muxes := 1     
	   2 Input   11 Bit        Muxes := 1     
	   2 Input    8 Bit        Muxes := 3     
	   4 Input    8 Bit        Muxes := 1     
	   5 Input    4 Bit        Muxes := 1     
	   2 Input    1 Bit        Muxes := 2     
	   4 Input    1 Bit        Muxes := 2     
	   3 Input    1 Bit        Muxes := 3     
	  11 Input    1 Bit        Muxes := 1     
---------------------------------------------------------------------------------
Finished RTL Component Statistics 
---------------------------------------------------------------------------------
---------------------------------------------------------------------------------
Start Part Resource Summary
---------------------------------------------------------------------------------
Part Resources:
DSPs: 120 (col length:60)
BRAMs: 150 (col length: RAMB18 60 RAMB36 30)
---------------------------------------------------------------------------------
Finished Part Resource Summary
---------------------------------------------------------------------------------
---------------------------------------------------------------------------------
Start Cross Boundary and Area Optimization
---------------------------------------------------------------------------------
WARNING: [Synth 8-7080] Parallel synthesis criteria is not met
WARNING: [Synth 8-3917] design Processor has port hex_seg[7] driven by constant 1
WARNING: [Synth 8-3332] Sequential element (control_unit/FSM_onehot_curr_state_reg[10]) is unused and will be removed from module Processor.
---------------------------------------------------------------------------------
Finished Cross Boundary and Area Optimization : Time (s): cpu = 00:00:11 ; elapsed = 00:00:12 . Memory (MB): peak = 1334.992 ; gain = 565.129
---------------------------------------------------------------------------------
---------------------------------------------------------------------------------
Start Applying XDC Timing Constraints
---------------------------------------------------------------------------------
---------------------------------------------------------------------------------
Finished Applying XDC Timing Constraints : Time (s): cpu = 00:00:14 ; elapsed = 00:00:16 . Memory (MB): peak = 1334.992 ; gain = 565.129
---------------------------------------------------------------------------------
---------------------------------------------------------------------------------
Start Timing Optimization
---------------------------------------------------------------------------------
---------------------------------------------------------------------------------
Finished Timing Optimization : Time (s): cpu = 00:00:14 ; elapsed = 00:00:16 . Memory (MB): peak = 1334.992 ; gain = 565.129
---------------------------------------------------------------------------------
---------------------------------------------------------------------------------
Start Technology Mapping
---------------------------------------------------------------------------------
---------------------------------------------------------------------------------
Finished Technology Mapping : Time (s): cpu = 00:00:15 ; elapsed = 00:00:16 . Memory (MB): peak = 1334.992 ; gain = 565.129
---------------------------------------------------------------------------------
---------------------------------------------------------------------------------
Start IO Insertion
---------------------------------------------------------------------------------
---------------------------------------------------------------------------------
Start Flattening Before IO Insertion
---------------------------------------------------------------------------------
---------------------------------------------------------------------------------
Finished Flattening Before IO Insertion
---------------------------------------------------------------------------------
---------------------------------------------------------------------------------
Start Final Netlist Cleanup
---------------------------------------------------------------------------------
---------------------------------------------------------------------------------
Finished Final Netlist Cleanup
---------------------------------------------------------------------------------
---------------------------------------------------------------------------------
Finished IO Insertion : Time (s): cpu = 00:00:18 ; elapsed = 00:00:19 . Memory (MB): peak = 1334.992 ; gain = 565.129
---------------------------------------------------------------------------------
---------------------------------------------------------------------------------
Start Renaming Generated Instances
---------------------------------------------------------------------------------
---------------------------------------------------------------------------------
Finished Renaming Generated Instances : Time (s): cpu = 00:00:18 ; elapsed = 00:00:19 . Memory (MB): peak = 1334.992 ; gain = 565.129
---------------------------------------------------------------------------------
---------------------------------------------------------------------------------
Start Rebuilding User Hierarchy
---------------------------------------------------------------------------------
---------------------------------------------------------------------------------
Finished Rebuilding User Hierarchy : Time (s): cpu = 00:00:18 ; elapsed = 00:00:19 . Memory (MB): peak = 1334.992 ; gain = 565.129
---------------------------------------------------------------------------------
---------------------------------------------------------------------------------
Start Renaming Generated Ports
---------------------------------------------------------------------------------
---------------------------------------------------------------------------------
Finished Renaming Generated Ports : Time (s): cpu = 00:00:18 ; elapsed = 00:00:19 . Memory (MB): peak = 1334.992 ; gain = 565.129
---------------------------------------------------------------------------------
---------------------------------------------------------------------------------
Start Handling Custom Attributes
---------------------------------------------------------------------------------
---------------------------------------------------------------------------------
Finished Handling Custom Attributes : Time (s): cpu = 00:00:18 ; elapsed = 00:00:19 . Memory (MB): peak = 1334.992 ; gain = 565.129
---------------------------------------------------------------------------------
---------------------------------------------------------------------------------
Start Renaming Generated Nets
---------------------------------------------------------------------------------
---------------------------------------------------------------------------------
Finished Renaming Generated Nets : Time (s): cpu = 00:00:18 ; elapsed = 00:00:19 . Memory (MB): peak = 1334.992 ; gain = 565.129
---------------------------------------------------------------------------------
---------------------------------------------------------------------------------
Start Writing Synthesis Report
---------------------------------------------------------------------------------

Report BlackBoxes: 
+-+--------------+----------+
| |BlackBox name |Instances |
+-+--------------+----------+
+-+--------------+----------+

Report Cell Usage: 
+------+-------+------+
|      |Cell   |Count |
+------+-------+------+
|1     |BUFG   |     1|
|2     |CARRY4 |    73|
|3     |LUT1   |    35|
|4     |LUT2   |    18|
|5     |LUT3   |     7|
|6     |LUT4   |    31|
|7     |LUT5   |    28|
|8     |LUT6   |     6|
|9     |MUXF7  |    14|
|10    |MUXF8  |     7|
|11    |FDRE   |   365|
|12    |FDSE   |     1|
|13    |IBUF   |    18|
|14    |OBUF   |    32|
+------+-------+------+
---------------------------------------------------------------------------------
Finished Writing Synthesis Report : Time (s): cpu = 00:00:18 ; elapsed = 00:00:19 . Memory (MB): peak = 1334.992 ; gain = 565.129
---------------------------------------------------------------------------------
Synthesis finished with 0 errors, 0 critical warnings and 3 warnings.
Synthesis Optimization Runtime : Time (s): cpu = 00:00:13 ; elapsed = 00:00:18 . Memory (MB): peak = 1334.992 ; gain = 499.684
Synthesis Optimization Complete : Time (s): cpu = 00:00:18 ; elapsed = 00:00:19 . Memory (MB): peak = 1334.992 ; gain = 565.129
INFO: [Project 1-571] Translating synthesized netlist
Netlist sorting complete. Time (s): cpu = 00:00:00 ; elapsed = 00:00:00.003 . Memory (MB): peak = 1334.992 ; gain = 0.000
INFO: [Netlist 29-17] Analyzing 94 Unisim elements for replacement
INFO: [Netlist 29-28] Unisim Transformation completed in 0 CPU seconds
INFO: [Project 1-570] Preparing netlist for logic optimization
INFO: [Opt 31-138] Pushed 0 inverter(s) to 0 load pin(s).
Netlist sorting complete. Time (s): cpu = 00:00:00 ; elapsed = 00:00:00 . Memory (MB): peak = 1334.992 ; gain = 0.000
INFO: [Project 1-111] Unisim Transformation Summary:
No Unisim elements were transformed.

Synth Design complete, checksum: a57d4681
INFO: [Common 17-83] Releasing license: Synthesis
54 Infos, 22 Warnings, 18 Critical Warnings and 0 Errors encountered.
synth_design completed successfully
synth_design: Time (s): cpu = 00:00:21 ; elapsed = 00:00:23 . Memory (MB): peak = 1334.992 ; gain = 937.340
INFO: [Common 17-600] The following parameters have non-default value.
tcl.collectionResultDisplayLimit
INFO: [runtcl-6] Synthesis results are not added to the cache due to CRITICAL_WARNING
INFO: [Common 17-1381] The checkpoint 'C:/Vivado/lab2_2/lab2_2.runs/synth_1/Processor.dcp' has been generated.
INFO: [runtcl-4] Executing : report_utilization -file Processor_utilization_synth.rpt -pb Processor_utilization_synth.pb
INFO: [Common 17-206] Exiting Vivado at Thu Feb  6 20:07:39 2025...
