
*** Running vivado
    with args -log multiplier_toplevel.vds -m64 -product Vivado -mode batch -messageDb vivado.pb -notrace -source multiplier_toplevel.tcl



****** Vivado v2022.2 (64-bit)
  **** SW Build 3671981 on Fri Oct 14 05:00:03 MDT 2022
  **** IP Build 3669848 on Fri Oct 14 08:30:02 MDT 2022
    ** Copyright 1986-2022 Xilinx, Inc. All Rights Reserved.

source multiplier_toplevel.tcl -notrace
Command: read_checkpoint -auto_incremental -incremental C:/Vivado/lab4/lab4.srcs/utils_1/imports/synth_1/multiplier_toplevel.dcp
INFO: [Vivado 12-5825] Read reference checkpoint from C:/Vivado/lab4/lab4.srcs/utils_1/imports/synth_1/multiplier_toplevel.dcp for incremental synthesis
INFO: [Vivado 12-7989] Please ensure there are no constraint changes
Command: synth_design -top multiplier_toplevel -part xc7s50csga324-1
Starting synth_design
Attempting to get a license for feature 'Synthesis' and/or device 'xc7s50'
INFO: [Common 17-349] Got license for feature 'Synthesis' and/or device 'xc7s50'
INFO: [Device 21-403] Loading part xc7s50csga324-1
INFO: [Designutils 20-5440] No compile time benefit to using incremental synthesis; A full resynthesis will be run
INFO: [Designutils 20-4379] Flow is switching to default flow due to incremental criteria not met. If you would like to alter this behaviour and have the flow terminate instead, please set the following parameter config_implementation {autoIncr.Synth.RejectBehavior Terminate}
INFO: [Synth 8-7079] Multithreading enabled for synth_design using a maximum of 2 processes.
INFO: [Synth 8-7078] Launching helper process for spawning children vivado processes
INFO: [Synth 8-7075] Helper process launched with PID 16608
INFO: [Synth 8-11241] undeclared symbol 'REGCCE', assumed default net type 'wire' [C:/Xilinx/Vivado/2022.2/data/verilog/src/unimacro/BRAM_SINGLE_MACRO.v:2170]
WARNING: [Synth 8-11121] redeclaration of ANSI port 'q' is not allowed [C:/Vivado/lab4/lab4.srcs/sources_1/imports/lab4/sync_debounce.sv:20]
INFO: [Synth 8-11241] undeclared symbol 'Reset_s', assumed default net type 'wire' [C:/Vivado/lab4/lab4.srcs/sources_1/new/multiplier_toplevel.sv:38]
---------------------------------------------------------------------------------
Starting RTL Elaboration : Time (s): cpu = 00:00:03 ; elapsed = 00:00:03 . Memory (MB): peak = 1179.254 ; gain = 409.234
---------------------------------------------------------------------------------
INFO: [Synth 8-6157] synthesizing module 'multiplier_toplevel' [C:/Vivado/lab4/lab4.srcs/sources_1/new/multiplier_toplevel.sv:22]
INFO: [Synth 8-6157] synthesizing module 'control' [C:/Vivado/lab4/lab4.srcs/sources_1/imports/lab4/Control.sv:3]
INFO: [Synth 8-294] found qualifier unique on case statement: implementing as parallel_case [C:/Vivado/lab4/lab4.srcs/sources_1/imports/lab4/Control.sv:33]
INFO: [Synth 8-294] found qualifier unique on case statement: implementing as parallel_case [C:/Vivado/lab4/lab4.srcs/sources_1/imports/lab4/Control.sv:115]
INFO: [Synth 8-6155] done synthesizing module 'control' (0#1) [C:/Vivado/lab4/lab4.srcs/sources_1/imports/lab4/Control.sv:3]
INFO: [Synth 8-6157] synthesizing module 'reg_8' [C:/Vivado/lab4/lab4.srcs/sources_1/imports/lab4/Reg_8.sv:1]
INFO: [Synth 8-6155] done synthesizing module 'reg_8' (0#1) [C:/Vivado/lab4/lab4.srcs/sources_1/imports/lab4/Reg_8.sv:1]
INFO: [Synth 8-6157] synthesizing module 'reg_x' [C:/Vivado/lab4/lab4.srcs/sources_1/new/reg_x.sv:3]
INFO: [Synth 8-6155] done synthesizing module 'reg_x' (0#1) [C:/Vivado/lab4/lab4.srcs/sources_1/new/reg_x.sv:3]
INFO: [Synth 8-6157] synthesizing module 'ripple_adder' [C:/Vivado/lab4/lab4.srcs/sources_1/imports/lab4/ripple_adder.sv:22]
INFO: [Synth 8-6157] synthesizing module 'ADDER4' [C:/Vivado/lab4/lab4.srcs/sources_1/imports/lab4/ripple_adder.sv:7]
INFO: [Synth 8-6157] synthesizing module 'full_adder' [C:/Vivado/lab4/lab4.srcs/sources_1/imports/lab4/ripple_adder.sv:1]
INFO: [Synth 8-6155] done synthesizing module 'full_adder' (0#1) [C:/Vivado/lab4/lab4.srcs/sources_1/imports/lab4/ripple_adder.sv:1]
INFO: [Synth 8-6155] done synthesizing module 'ADDER4' (0#1) [C:/Vivado/lab4/lab4.srcs/sources_1/imports/lab4/ripple_adder.sv:7]
INFO: [Synth 8-6155] done synthesizing module 'ripple_adder' (0#1) [C:/Vivado/lab4/lab4.srcs/sources_1/imports/lab4/ripple_adder.sv:22]
INFO: [Synth 8-6157] synthesizing module 'HexDriver' [C:/Vivado/lab4/lab4.srcs/sources_1/imports/lab4/HexDriver.sv:1]
INFO: [Synth 8-6157] synthesizing module 'nibble_to_hex' [C:/Vivado/lab4/lab4.srcs/sources_1/imports/lab4/HexDriver.sv:11]
INFO: [Synth 8-6155] done synthesizing module 'nibble_to_hex' (0#1) [C:/Vivado/lab4/lab4.srcs/sources_1/imports/lab4/HexDriver.sv:11]
INFO: [Synth 8-6157] synthesizing module 'nibble_to_hex' [C:/Vivado/lab4/lab4.srcs/sources_1/imports/lab4/HexDriver.sv:11]
INFO: [Synth 8-6155] done synthesizing module 'nibble_to_hex' (0#1) [C:/Vivado/lab4/lab4.srcs/sources_1/imports/lab4/HexDriver.sv:11]
INFO: [Synth 8-6157] synthesizing module 'nibble_to_hex' [C:/Vivado/lab4/lab4.srcs/sources_1/imports/lab4/HexDriver.sv:11]
INFO: [Synth 8-6155] done synthesizing module 'nibble_to_hex' (0#1) [C:/Vivado/lab4/lab4.srcs/sources_1/imports/lab4/HexDriver.sv:11]
INFO: [Synth 8-6157] synthesizing module 'nibble_to_hex' [C:/Vivado/lab4/lab4.srcs/sources_1/imports/lab4/HexDriver.sv:11]
INFO: [Synth 8-6155] done synthesizing module 'nibble_to_hex' (0#1) [C:/Vivado/lab4/lab4.srcs/sources_1/imports/lab4/HexDriver.sv:11]
INFO: [Synth 8-6155] done synthesizing module 'HexDriver' (0#1) [C:/Vivado/lab4/lab4.srcs/sources_1/imports/lab4/HexDriver.sv:1]
INFO: [Synth 8-6157] synthesizing module 'negedge_detector' [C:/Vivado/lab4/lab4.srcs/sources_1/imports/lab4/negedge_detector.sv:1]
INFO: [Synth 8-6155] done synthesizing module 'negedge_detector' (0#1) [C:/Vivado/lab4/lab4.srcs/sources_1/imports/lab4/negedge_detector.sv:1]
INFO: [Synth 8-6157] synthesizing module 'sync_debounce' [C:/Vivado/lab4/lab4.srcs/sources_1/imports/lab4/sync_debounce.sv:13]
INFO: [Synth 8-6155] done synthesizing module 'sync_debounce' (0#1) [C:/Vivado/lab4/lab4.srcs/sources_1/imports/lab4/sync_debounce.sv:13]
INFO: [Synth 8-6155] done synthesizing module 'multiplier_toplevel' (0#1) [C:/Vivado/lab4/lab4.srcs/sources_1/new/multiplier_toplevel.sv:22]
---------------------------------------------------------------------------------
Finished RTL Elaboration : Time (s): cpu = 00:00:04 ; elapsed = 00:00:05 . Memory (MB): peak = 1269.754 ; gain = 499.734
---------------------------------------------------------------------------------
---------------------------------------------------------------------------------
Start Handling Custom Attributes
---------------------------------------------------------------------------------
---------------------------------------------------------------------------------
Finished Handling Custom Attributes : Time (s): cpu = 00:00:04 ; elapsed = 00:00:05 . Memory (MB): peak = 1269.754 ; gain = 499.734
---------------------------------------------------------------------------------
---------------------------------------------------------------------------------
Finished RTL Optimization Phase 1 : Time (s): cpu = 00:00:04 ; elapsed = 00:00:05 . Memory (MB): peak = 1269.754 ; gain = 499.734
---------------------------------------------------------------------------------
Netlist sorting complete. Time (s): cpu = 00:00:00 ; elapsed = 00:00:00.001 . Memory (MB): peak = 1269.754 ; gain = 0.000
INFO: [Project 1-570] Preparing netlist for logic optimization

Processing XDC Constraints
Initializing timing engine
Parsing XDC File [C:/Vivado/lab4/lab4.srcs/constrs_1/imports/lab4/top.xdc]
Finished Parsing XDC File [C:/Vivado/lab4/lab4.srcs/constrs_1/imports/lab4/top.xdc]
INFO: [Project 1-236] Implementation specific constraints were found while reading constraint file [C:/Vivado/lab4/lab4.srcs/constrs_1/imports/lab4/top.xdc]. These constraints will be ignored for synthesis but will be used in implementation. Impacted constraints are listed in the file [.Xil/multiplier_toplevel_propImpl.xdc].
Resolution: To avoid this warning, move constraints listed in [.Xil/multiplier_toplevel_propImpl.xdc] to another XDC file and exclude this new file from synthesis with the used_in_synthesis property (File Properties dialog in GUI) and re-run elaboration/synthesis.
Completed Processing XDC Constraints

Netlist sorting complete. Time (s): cpu = 00:00:00 ; elapsed = 00:00:00 . Memory (MB): peak = 1378.688 ; gain = 0.000
INFO: [Project 1-111] Unisim Transformation Summary:
No Unisim elements were transformed.

Constraint Validation Runtime : Time (s): cpu = 00:00:00 ; elapsed = 00:00:00.003 . Memory (MB): peak = 1378.688 ; gain = 0.000
INFO: [Designutils 20-5440] No compile time benefit to using incremental synthesis; A full resynthesis will be run
INFO: [Designutils 20-4379] Flow is switching to default flow due to incremental criteria not met. If you would like to alter this behaviour and have the flow terminate instead, please set the following parameter config_implementation {autoIncr.Synth.RejectBehavior Terminate}
INFO: [Synth 8-11241] undeclared symbol 'REGCCE', assumed default net type 'wire' [C:/Xilinx/Vivado/2022.2/data/verilog/src/unimacro/BRAM_SINGLE_MACRO.v:2170]
---------------------------------------------------------------------------------
Finished Constraint Validation : Time (s): cpu = 00:00:09 ; elapsed = 00:00:10 . Memory (MB): peak = 1378.688 ; gain = 608.668
---------------------------------------------------------------------------------
---------------------------------------------------------------------------------
Start Loading Part and Timing Information
---------------------------------------------------------------------------------
Loading part: xc7s50csga324-1
---------------------------------------------------------------------------------
Finished Loading Part and Timing Information : Time (s): cpu = 00:00:09 ; elapsed = 00:00:10 . Memory (MB): peak = 1378.688 ; gain = 608.668
---------------------------------------------------------------------------------
---------------------------------------------------------------------------------
Start Applying 'set_property' XDC Constraints
---------------------------------------------------------------------------------
---------------------------------------------------------------------------------
Finished applying 'set_property' XDC Constraints : Time (s): cpu = 00:00:09 ; elapsed = 00:00:10 . Memory (MB): peak = 1378.688 ; gain = 608.668
---------------------------------------------------------------------------------
INFO: [Synth 8-802] inferred FSM for state register 'curr_state_reg' in module 'control'
---------------------------------------------------------------------------------------------------
                   State |                     New Encoding |                Previous Encoding 
---------------------------------------------------------------------------------------------------
                   reset |              0000000000000000001 |                            00000
                   start |              0000000000000000010 |                            00001
                clear_xa |              0000000000000000100 |                            00010
                    add1 |              0000000000000001000 |                            00011
                  shift1 |              0000000000000010000 |                            00100
                    add2 |              0000000000000100000 |                            00101
                  shift2 |              0000000000001000000 |                            00110
                    add3 |              0000000000010000000 |                            00111
                  shift3 |              0000000000100000000 |                            01000
                    add4 |              0000000001000000000 |                            01001
                  shift4 |              0000000010000000000 |                            01010
                    add5 |              0000000100000000000 |                            01011
                  shift5 |              0000001000000000000 |                            01100
                    add6 |              0000010000000000000 |                            01101
                  shift6 |              0000100000000000000 |                            01110
                    add7 |              0001000000000000000 |                            01111
                  shift7 |              0010000000000000000 |                            10000
                    add8 |              0100000000000000000 |                            10001
                  shift8 |              1000000000000000000 |                            10010
---------------------------------------------------------------------------------------------------
INFO: [Synth 8-3354] encoded FSM with state register 'curr_state_reg' using encoding 'one-hot' in module 'control'
---------------------------------------------------------------------------------
Finished RTL Optimization Phase 2 : Time (s): cpu = 00:00:09 ; elapsed = 00:00:10 . Memory (MB): peak = 1378.688 ; gain = 608.668
---------------------------------------------------------------------------------
---------------------------------------------------------------------------------
Start RTL Component Statistics 
---------------------------------------------------------------------------------
Detailed RTL Component Info : 
+---XORs : 
	   2 Input      8 Bit         XORs := 1     
	   3 Input      1 Bit         XORs := 9     
	   2 Input      1 Bit         XORs := 10    
+---Registers : 
	                8 Bit    Registers := 2     
	                1 Bit    Registers := 33    
+---Muxes : 
	  19 Input   19 Bit        Muxes := 1     
	   2 Input    8 Bit        Muxes := 3     
	   4 Input    8 Bit        Muxes := 1     
	   5 Input    4 Bit        Muxes := 1     
	   6 Input    1 Bit        Muxes := 3     
	  19 Input    1 Bit        Muxes := 1     
	   2 Input    1 Bit        Muxes := 2     
---------------------------------------------------------------------------------
Finished RTL Component Statistics 
---------------------------------------------------------------------------------
---------------------------------------------------------------------------------
Start Part Resource Summary
---------------------------------------------------------------------------------
Part Resources:
DSPs: 120 (col length:60)
BRAMs: 150 (col length: RAMB18 60 RAMB36 30)
---------------------------------------------------------------------------------
Finished Part Resource Summary
---------------------------------------------------------------------------------
---------------------------------------------------------------------------------
Start Cross Boundary and Area Optimization
---------------------------------------------------------------------------------
WARNING: [Synth 8-7080] Parallel synthesis criteria is not met
WARNING: [Synth 8-3917] design multiplier_toplevel has port hex_seg[7] driven by constant 1
---------------------------------------------------------------------------------
Finished Cross Boundary and Area Optimization : Time (s): cpu = 00:00:11 ; elapsed = 00:00:12 . Memory (MB): peak = 1378.688 ; gain = 608.668
---------------------------------------------------------------------------------
---------------------------------------------------------------------------------
Start Applying XDC Timing Constraints
---------------------------------------------------------------------------------
---------------------------------------------------------------------------------
Finished Applying XDC Timing Constraints : Time (s): cpu = 00:00:14 ; elapsed = 00:00:15 . Memory (MB): peak = 1378.688 ; gain = 608.668
---------------------------------------------------------------------------------
---------------------------------------------------------------------------------
Start Timing Optimization
---------------------------------------------------------------------------------
---------------------------------------------------------------------------------
Finished Timing Optimization : Time (s): cpu = 00:00:15 ; elapsed = 00:00:16 . Memory (MB): peak = 1378.688 ; gain = 608.668
---------------------------------------------------------------------------------
---------------------------------------------------------------------------------
Start Technology Mapping
---------------------------------------------------------------------------------
---------------------------------------------------------------------------------
Finished Technology Mapping : Time (s): cpu = 00:00:15 ; elapsed = 00:00:16 . Memory (MB): peak = 1378.688 ; gain = 608.668
---------------------------------------------------------------------------------
---------------------------------------------------------------------------------
Start IO Insertion
---------------------------------------------------------------------------------
---------------------------------------------------------------------------------
Start Flattening Before IO Insertion
---------------------------------------------------------------------------------
---------------------------------------------------------------------------------
Finished Flattening Before IO Insertion
---------------------------------------------------------------------------------
---------------------------------------------------------------------------------
Start Final Netlist Cleanup
---------------------------------------------------------------------------------
---------------------------------------------------------------------------------
Finished Final Netlist Cleanup
---------------------------------------------------------------------------------
---------------------------------------------------------------------------------
Finished IO Insertion : Time (s): cpu = 00:00:18 ; elapsed = 00:00:19 . Memory (MB): peak = 1378.688 ; gain = 608.668
---------------------------------------------------------------------------------
---------------------------------------------------------------------------------
Start Renaming Generated Instances
---------------------------------------------------------------------------------
---------------------------------------------------------------------------------
Finished Renaming Generated Instances : Time (s): cpu = 00:00:18 ; elapsed = 00:00:19 . Memory (MB): peak = 1378.688 ; gain = 608.668
---------------------------------------------------------------------------------
---------------------------------------------------------------------------------
Start Rebuilding User Hierarchy
---------------------------------------------------------------------------------
---------------------------------------------------------------------------------
Finished Rebuilding User Hierarchy : Time (s): cpu = 00:00:18 ; elapsed = 00:00:19 . Memory (MB): peak = 1378.688 ; gain = 608.668
---------------------------------------------------------------------------------
---------------------------------------------------------------------------------
Start Renaming Generated Ports
---------------------------------------------------------------------------------
---------------------------------------------------------------------------------
Finished Renaming Generated Ports : Time (s): cpu = 00:00:18 ; elapsed = 00:00:19 . Memory (MB): peak = 1378.688 ; gain = 608.668
---------------------------------------------------------------------------------
---------------------------------------------------------------------------------
Start Handling Custom Attributes
---------------------------------------------------------------------------------
---------------------------------------------------------------------------------
Finished Handling Custom Attributes : Time (s): cpu = 00:00:18 ; elapsed = 00:00:19 . Memory (MB): peak = 1378.688 ; gain = 608.668
---------------------------------------------------------------------------------
---------------------------------------------------------------------------------
Start Renaming Generated Nets
---------------------------------------------------------------------------------
---------------------------------------------------------------------------------
Finished Renaming Generated Nets : Time (s): cpu = 00:00:18 ; elapsed = 00:00:19 . Memory (MB): peak = 1378.688 ; gain = 608.668
---------------------------------------------------------------------------------
---------------------------------------------------------------------------------
Start Writing Synthesis Report
---------------------------------------------------------------------------------

Report BlackBoxes: 
+-+--------------+----------+
| |BlackBox name |Instances |
+-+--------------+----------+
+-+--------------+----------+

Report Cell Usage: 
+------+-------+------+
|      |Cell   |Count |
+------+-------+------+
|1     |BUFG   |     1|
|2     |CARRY4 |    45|
|3     |LUT1   |    21|
|4     |LUT2   |    23|
|5     |LUT3   |    13|
|6     |LUT4   |    27|
|7     |LUT5   |     4|
|8     |LUT6   |    35|
|9     |MUXF7  |     4|
|10    |FDRE   |   244|
|11    |FDSE   |     1|
|12    |IBUF   |    11|
|13    |OBUF   |    29|
+------+-------+------+
---------------------------------------------------------------------------------
Finished Writing Synthesis Report : Time (s): cpu = 00:00:18 ; elapsed = 00:00:19 . Memory (MB): peak = 1378.688 ; gain = 608.668
---------------------------------------------------------------------------------
Synthesis finished with 0 errors, 0 critical warnings and 2 warnings.
Synthesis Optimization Runtime : Time (s): cpu = 00:00:13 ; elapsed = 00:00:18 . Memory (MB): peak = 1378.688 ; gain = 499.734
Synthesis Optimization Complete : Time (s): cpu = 00:00:18 ; elapsed = 00:00:19 . Memory (MB): peak = 1378.688 ; gain = 608.668
INFO: [Project 1-571] Translating synthesized netlist
Netlist sorting complete. Time (s): cpu = 00:00:00 ; elapsed = 00:00:00.002 . Memory (MB): peak = 1378.688 ; gain = 0.000
INFO: [Netlist 29-17] Analyzing 49 Unisim elements for replacement
INFO: [Netlist 29-28] Unisim Transformation completed in 0 CPU seconds
INFO: [Project 1-570] Preparing netlist for logic optimization
INFO: [Opt 31-138] Pushed 0 inverter(s) to 0 load pin(s).
Netlist sorting complete. Time (s): cpu = 00:00:00 ; elapsed = 00:00:00 . Memory (MB): peak = 1378.688 ; gain = 0.000
INFO: [Project 1-111] Unisim Transformation Summary:
No Unisim elements were transformed.

Synth Design complete, checksum: 8292e7d
INFO: [Common 17-83] Releasing license: Synthesis
56 Infos, 3 Warnings, 0 Critical Warnings and 0 Errors encountered.
synth_design completed successfully
synth_design: Time (s): cpu = 00:00:21 ; elapsed = 00:00:22 . Memory (MB): peak = 1378.688 ; gain = 981.234
INFO: [Common 17-1381] The checkpoint 'C:/Vivado/lab4/lab4.runs/synth_1/multiplier_toplevel.dcp' has been generated.
INFO: [runtcl-4] Executing : report_utilization -file multiplier_toplevel_utilization_synth.rpt -pb multiplier_toplevel_utilization_synth.pb
INFO: [Common 17-206] Exiting Vivado at Fri Feb 21 07:23:47 2025...
